#
# There is insufficient memory for the Java Runtime Environment to continue.
# Native memory allocation (malloc) failed to allocate 137363456 bytes for committing reserved memory.
# Possible reasons:
#   The system is out of physical RAM or swap space
#   In 32 bit mode, the process size limit was hit
# Possible solutions:
#   Reduce memory load on the system
#   Increase physical memory or swap space
#   Check if swap backing store is full
#   Use 64 bit Java on a 64 bit OS
#   Decrease Java heap size (-Xmx/-Xms)
#   Decrease number of Java threads
#   Decrease Java thread stack sizes (-Xss)
#   Set larger code cache with -XX:ReservedCodeCacheSize=
# This output file may be truncated or incomplete.
#
#  Out of Memory Error (os_linux.cpp:2809), pid=3664, tid=140667359590144
#
# JRE version: OpenJDK Runtime Environment (7.0_79-b14) (build 1.7.0_79-b14)
# Java VM: OpenJDK 64-Bit Server VM (24.79-b02 mixed mode linux-amd64 compressed oops)
# Derivative: IcedTea 2.5.5
# Distribution: Custom build (Wed Apr 15 12:39:15 UTC 2015)
# Failed to write core dump. Core dumps have been disabled. To enable core dumping, try "ulimit -c unlimited" before starting Java again
#

---------------  T H R E A D  ---------------

Current thread (0x00007fefb4073800):  VMThread [stack: 0x00007fefabeff000,0x00007fefac000000] [id=3677]

Stack: [0x00007fefabeff000,0x00007fefac000000],  sp=0x00007fefabffe4e0,  free space=1021k
Native frames: (J=compiled Java code, j=interpreted, Vv=VM code, C=native code)
V  [libjvm.so+0x9888a6]
V  [libjvm.so+0x48eff2]
V  [libjvm.so+0x7fbf2b]
V  [libjvm.so+0x7f667e]
V  [libjvm.so+0x868ecb]
V  [libjvm.so+0x869d73]
V  [libjvm.so+0x86a48b]
V  [libjvm.so+0x865e99]
V  [libjvm.so+0x866678]
V  [libjvm.so+0x81e443]
V  [libjvm.so+0x98a172]
V  [libjvm.so+0x98ea07]
V  [libjvm.so+0x98cfeb]
V  [libjvm.so+0x98d696]
V  [libjvm.so+0x98db61]
V  [libjvm.so+0x7f8e72]

VM_Operation (0x00007fefbdf27c30): ParallelGCFailedAllocation, mode: safepoint, requested by thread 0x00007fefb4008800


---------------  P R O C E S S  ---------------

Java Threads: ( => current thread )
  0x00007fefb4f1d800 JavaThread "File lock request listener" [_thread_in_native, id=3687, stack(0x00007fefa92a6000,0x00007fefa93a7000)]
  0x00007fefb4cee800 JavaThread "process reaper" daemon [_thread_blocked, id=3686, stack(0x00007fefa93a7000,0x00007fefa93e0000)]
  0x00007fefb40ad000 JavaThread "Service Thread" daemon [_thread_blocked, id=3683, stack(0x00007fefab770000,0x00007fefab871000)]
  0x00007fefb40aa800 JavaThread "C2 CompilerThread1" daemon [_thread_in_native, id=3682, stack(0x00007fefab871000,0x00007fefab972000)]
  0x00007fefb40a7800 JavaThread "C2 CompilerThread0" daemon [_thread_blocked, id=3681, stack(0x00007fefab972000,0x00007fefaba73000)]
  0x00007fefb40a5800 JavaThread "Signal Dispatcher" daemon [_thread_blocked, id=3680, stack(0x00007fefaba73000,0x00007fefabb74000)]
  0x00007fefb407a000 JavaThread "Finalizer" daemon [_thread_blocked, id=3679, stack(0x00007fefabcfd000,0x00007fefabdfe000)]
  0x00007fefb4078000 JavaThread "Reference Handler" daemon [_thread_blocked, id=3678, stack(0x00007fefabdfe000,0x00007fefabeff000)]
  0x00007fefb4008800 JavaThread "main" [_thread_blocked, id=3672, stack(0x00007fefbde2b000,0x00007fefbdf2c000)]

Other Threads:
=>0x00007fefb4073800 VMThread [stack: 0x00007fefabeff000,0x00007fefac000000] [id=3677]
  0x00007fefb40b7800 WatcherThread [stack: 0x00007fefab66f000,0x00007fefab770000] [id=3684]

VM state:at safepoint (normal execution)

VM Mutex/Monitor currently owned by a thread:  ([mutex/lock_event])
[0x00007fefb4006270] Threads_lock - owner thread: 0x00007fefb4073800
[0x00007fefb4006770] Heap_lock - owner thread: 0x00007fefb4008800

Heap
 PSYoungGen      total 133632K, used 12279K [0x00000000ec100000, 0x00000000f5100000, 0x0000000100000000)
  eden space 121344K, 0% used [0x00000000ec100000,0x00000000ec100000,0x00000000f3780000)
  from space 12288K, 99% used [0x00000000f3780000,0x00000000f437dc40,0x00000000f4380000)
  to   space 10752K, 0% used [0x00000000f4380000,0x00000000f4380000,0x00000000f4e00000)
 ParOldGen       total 40448K, used 26433K [0x00000000c4400000, 0x00000000c6b80000, 0x00000000ec100000)
  object space 40448K, 65% used [0x00000000c4400000,0x00000000c5dd04b8,0x00000000c6b80000)
 PSPermGen       total 34816K, used 34432K [0x00000000b9e00000, 0x00000000bc000000, 0x00000000c4400000)
  object space 34816K, 98% used [0x00000000b9e00000,0x00000000bbfa01a0,0x00000000bc000000)

Card table byte_map: [0x00007fefb3dce000,0x00007fefb4000000] byte_map_base: 0x00007fefb37ff000

Polling page: 0x00007fefbdf61000

Code Cache  [0x00007fefb8096000, 0x00007fefb8376000, 0x00007fefbb096000)
 total_blobs=993 nmethods=409 adapters=538 free_code_cache=46424Kb largest_free_block=47371712

Compilation events (10 events):
Event: 7.312 Thread 0x00007fefb40a7800 nmethod 431 0x00007fefb82a0f10 code [0x00007fefb82a1040, 0x00007fefb82a10b8]
Event: 7.312 Thread 0x00007fefb40a7800  432             com.sun.beans.TypeResolver::erase (32 bytes)
Event: 7.321 Thread 0x00007fefb40a7800 nmethod 432 0x00007fefb826c410 code [0x00007fefb826c5e0, 0x00007fefb826cbd0]
Event: 7.321 Thread 0x00007fefb40a7800  433             java.util.TreeMap::parentOf (13 bytes)
Event: 7.321 Thread 0x00007fefb40a7800 nmethod 433 0x00007fefb826c210 code [0x00007fefb826c340, 0x00007fefb826c398]
Event: 7.321 Thread 0x00007fefb40a7800  434             com.sun.beans.TypeResolver::getActualType (24 bytes)
Event: 7.330 Thread 0x00007fefb40a7800 nmethod 434 0x00007fefb8272310 code [0x00007fefb8272560, 0x00007fefb8272bc8]
Event: 7.330 Thread 0x00007fefb40a7800  435             java.util.HashMap::keySet (28 bytes)
Event: 7.331 Thread 0x00007fefb40a7800 nmethod 435 0x00007fefb826bed0 code [0x00007fefb826c020, 0x00007fefb826c128]
Event: 7.331 Thread 0x00007fefb40a7800  436             java.util.ComparableTimSort::binarySort (223 bytes)

GC Heap History (10 events):
Event: 0.981 GC heap after
Heap after GC invocations=2 (full 0):
 PSYoungGen      total 33280K, used 2549K [0x00000000ec100000, 0x00000000ee400000, 0x0000000100000000)
  eden space 30720K, 0% used [0x00000000ec100000,0x00000000ec100000,0x00000000edf00000)
  from space 2560K, 99% used [0x00000000ee180000,0x00000000ee3fd5d8,0x00000000ee400000)
  to   space 2560K, 0% used [0x00000000edf00000,0x00000000edf00000,0x00000000ee180000)
 ParOldGen       total 40448K, used 1682K [0x00000000c4400000, 0x00000000c6b80000, 0x00000000ec100000)
  object space 40448K, 4% used [0x00000000c4400000,0x00000000c45a4bb8,0x00000000c6b80000)
 PSPermGen       total 21504K, used 9468K [0x00000000b9e00000, 0x00000000bb300000, 0x00000000c4400000)
  object space 21504K, 44% used [0x00000000b9e00000,0x00000000ba73f1d0,0x00000000bb300000)
}
Event: 1.545 GC heap before
{Heap before GC invocations=3 (full 0):
 PSYoungGen      total 33280K, used 33269K [0x00000000ec100000, 0x00000000ee400000, 0x0000000100000000)
  eden space 30720K, 100% used [0x00000000ec100000,0x00000000edf00000,0x00000000edf00000)
  from space 2560K, 99% used [0x00000000ee180000,0x00000000ee3fd5d8,0x00000000ee400000)
  to   space 2560K, 0% used [0x00000000edf00000,0x00000000edf00000,0x00000000ee180000)
 ParOldGen       total 40448K, used 1682K [0x00000000c4400000, 0x00000000c6b80000, 0x00000000ec100000)
  object space 40448K, 4% used [0x00000000c4400000,0x00000000c45a4bb8,0x00000000c6b80000)
 PSPermGen       total 21504K, used 11877K [0x00000000b9e00000, 0x00000000bb300000, 0x00000000c4400000)
  object space 21504K, 55% used [0x00000000b9e00000,0x00000000ba9994f0,0x00000000bb300000)
Event: 1.556 GC heap after
Heap after GC invocations=3 (full 0):
 PSYoungGen      total 33280K, used 2559K [0x00000000ec100000, 0x00000000f0200000, 0x0000000100000000)
  eden space 30720K, 0% used [0x00000000ec100000,0x00000000ec100000,0x00000000edf00000)
  from space 2560K, 99% used [0x00000000edf00000,0x00000000ee17fc50,0x00000000ee180000)
  to   space 2560K, 0% used [0x00000000eff80000,0x00000000eff80000,0x00000000f0200000)
 ParOldGen       total 40448K, used 4541K [0x00000000c4400000, 0x00000000c6b80000, 0x00000000ec100000)
  object space 40448K, 11% used [0x00000000c4400000,0x00000000c486f558,0x00000000c6b80000)
 PSPermGen       total 21504K, used 11877K [0x00000000b9e00000, 0x00000000bb300000, 0x00000000c4400000)
  object space 21504K, 55% used [0x00000000b9e00000,0x00000000ba9994f0,0x00000000bb300000)
}
Event: 2.074 GC heap before
{Heap before GC invocations=4 (full 0):
 PSYoungGen      total 33280K, used 33279K [0x00000000ec100000, 0x00000000f0200000, 0x0000000100000000)
  eden space 30720K, 100% used [0x00000000ec100000,0x00000000edf00000,0x00000000edf00000)
  from space 2560K, 99% used [0x00000000edf00000,0x00000000ee17fc50,0x00000000ee180000)
  to   space 2560K, 0% used [0x00000000eff80000,0x00000000eff80000,0x00000000f0200000)
 ParOldGen       total 40448K, used 4541K [0x00000000c4400000, 0x00000000c6b80000, 0x00000000ec100000)
  object space 40448K, 11% used [0x00000000c4400000,0x00000000c486f558,0x00000000c6b80000)
 PSPermGen       total 21504K, used 17320K [0x00000000b9e00000, 0x00000000bb300000, 0x00000000c4400000)
  object space 21504K, 80% used [0x00000000b9e00000,0x00000000baeea100,0x00000000bb300000)
Event: 2.088 GC heap after
Heap after GC invocations=4 (full 0):
 PSYoungGen      total 64000K, used 2544K [0x00000000ec100000, 0x00000000f0200000, 0x0000000100000000)
  eden space 61440K, 0% used [0x00000000ec100000,0x00000000ec100000,0x00000000efd00000)
  from space 2560K, 99% used [0x00000000eff80000,0x00000000f01fc030,0x00000000f0200000)
  to   space 2560K, 0% used [0x00000000efd00000,0x00000000efd00000,0x00000000eff80000)
 ParOldGen       total 40448K, used 9132K [0x00000000c4400000, 0x00000000c6b80000, 0x00000000ec100000)
  object space 40448K, 22% used [0x00000000c4400000,0x00000000c4ceb3f8,0x00000000c6b80000)
 PSPermGen       total 21504K, used 17320K [0x00000000b9e00000, 0x00000000bb300000, 0x00000000c4400000)
  object space 21504K, 80% used [0x00000000b9e00000,0x00000000baeea100,0x00000000bb300000)
}
Event: 3.231 GC heap before
{Heap before GC invocations=5 (full 0):
 PSYoungGen      total 64000K, used 63984K [0x00000000ec100000, 0x00000000f0200000, 0x0000000100000000)
  eden space 61440K, 100% used [0x00000000ec100000,0x00000000efd00000,0x00000000efd00000)
  from space 2560K, 99% used [0x00000000eff80000,0x00000000f01fc030,0x00000000f0200000)
  to   space 2560K, 0% used [0x00000000efd00000,0x00000000efd00000,0x00000000eff80000)
 ParOldGen       total 40448K, used 9132K [0x00000000c4400000, 0x00000000c6b80000, 0x00000000ec100000)
  object space 40448K, 22% used [0x00000000c4400000,0x00000000c4ceb3f8,0x00000000c6b80000)
 PSPermGen       total 22016K, used 21943K [0x00000000b9e00000, 0x00000000bb380000, 0x00000000c4400000)
  object space 22016K, 99% used [0x00000000b9e00000,0x00000000bb36dd78,0x00000000bb380000)
Event: 3.251 GC heap after
Heap after GC invocations=5 (full 0):
 PSYoungGen      total 64000K, used 2528K [0x00000000ec100000, 0x00000000f4e00000, 0x0000000100000000)
  eden space 61440K, 0% used [0x00000000ec100000,0x00000000ec100000,0x00000000efd00000)
  from space 2560K, 98% used [0x00000000efd00000,0x00000000eff78020,0x00000000eff80000)
  to   space 10752K, 0% used [0x00000000f4380000,0x00000000f4380000,0x00000000f4e00000)
 ParOldGen       total 40448K, used 16550K [0x00000000c4400000, 0x00000000c6b80000, 0x00000000ec100000)
  object space 40448K, 40% used [0x00000000c4400000,0x00000000c5429958,0x00000000c6b80000)
 PSPermGen       total 22016K, used 21943K [0x00000000b9e00000, 0x00000000bb380000, 0x00000000c4400000)
  object space 22016K, 99% used [0x00000000b9e00000,0x00000000bb36dd78,0x00000000bb380000)
}
Event: 4.318 GC heap before
{Heap before GC invocations=6 (full 0):
 PSYoungGen      total 64000K, used 63968K [0x00000000ec100000, 0x00000000f4e00000, 0x0000000100000000)
  eden space 61440K, 100% used [0x00000000ec100000,0x00000000efd00000,0x00000000efd00000)
  from space 2560K, 98% used [0x00000000efd00000,0x00000000eff78020,0x00000000eff80000)
  to   space 10752K, 0% used [0x00000000f4380000,0x00000000f4380000,0x00000000f4e00000)
 ParOldGen       total 40448K, used 16550K [0x00000000c4400000, 0x00000000c6b80000, 0x00000000ec100000)
  object space 40448K, 40% used [0x00000000c4400000,0x00000000c5429958,0x00000000c6b80000)
 PSPermGen       total 28160K, used 27925K [0x00000000b9e00000, 0x00000000bb980000, 0x00000000c4400000)
  object space 28160K, 99% used [0x00000000b9e00000,0x00000000bb945588,0x00000000bb980000)
Event: 4.338 GC heap after
Heap after GC invocations=6 (full 0):
 PSYoungGen      total 132096K, used 9317K [0x00000000ec100000, 0x00000000f5100000, 0x0000000100000000)
  eden space 121344K, 0% used [0x00000000ec100000,0x00000000ec100000,0x00000000f3780000)
  from space 10752K, 86% used [0x00000000f4380000,0x00000000f4c99410,0x00000000f4e00000)
  to   space 12288K, 0% used [0x00000000f3780000,0x00000000f3780000,0x00000000f4380000)
 ParOldGen       total 40448K, used 16622K [0x00000000c4400000, 0x00000000c6b80000, 0x00000000ec100000)
  object space 40448K, 41% used [0x00000000c4400000,0x00000000c543b968,0x00000000c6b80000)
 PSPermGen       total 28160K, used 27925K [0x00000000b9e00000, 0x00000000bb980000, 0x00000000c4400000)
  object space 28160K, 99% used [0x00000000b9e00000,0x00000000bb945588,0x00000000bb980000)
}
Event: 7.331 GC heap before
{Heap before GC invocations=7 (full 0):
 PSYoungGen      total 132096K, used 130661K [0x00000000ec100000, 0x00000000f5100000, 0x0000000100000000)
  eden space 121344K, 100% used [0x00000000ec100000,0x00000000f3780000,0x00000000f3780000)
  from space 10752K, 86% used [0x00000000f4380000,0x00000000f4c99410,0x00000000f4e00000)
  to   space 12288K, 0% used [0x00000000f3780000,0x00000000f3780000,0x00000000f4380000)
 ParOldGen       total 40448K, used 16622K [0x00000000c4400000, 0x00000000c6b80000, 0x00000000ec100000)
  object space 40448K, 41% used [0x00000000c4400000,0x00000000c543b968,0x00000000c6b80000)
 PSPermGen       total 34816K, used 34432K [0x00000000b9e00000, 0x00000000bc000000, 0x00000000c4400000)
  object space 34816K, 98% used [0x00000000b9e00000,0x00000000bbfa01a0,0x00000000bc000000)

Deoptimization events (10 events):
Event: 5.151 Thread 0x00007fefb4008800 Uncommon trap: reason=bimorphic action=maybe_recompile pc=0x00007fefb82ae1b8 method=java.util.regex.Pattern$Branch.match(Ljava/util/regex/Matcher;ILjava/lang/CharSequence;)Z @ 32
Event: 5.178 Thread 0x00007fefb4008800 Uncommon trap: reason=unreached action=reinterpret pc=0x00007fefb82b4c1c method=java.lang.ThreadLocal$ThreadLocalMap.getEntry(Ljava/lang/ThreadLocal;)Ljava/lang/ThreadLocal$ThreadLocalMap$Entry; @ 29
Event: 5.296 Thread 0x00007fefb4008800 Uncommon trap: reason=bimorphic action=maybe_recompile pc=0x00007fefb812504c method=java.util.regex.Pattern$Slice.match(Ljava/util/regex/Matcher;ILjava/lang/CharSequence;)Z @ 75
Event: 5.346 Thread 0x00007fefb4008800 Uncommon trap: reason=bimorphic action=maybe_recompile pc=0x00007fefb812504c method=java.util.regex.Pattern$Slice.match(Ljava/util/regex/Matcher;ILjava/lang/CharSequence;)Z @ 75
Event: 5.676 Thread 0x00007fefb4008800 Uncommon trap: reason=bimorphic action=maybe_recompile pc=0x00007fefb82ae220 method=java.util.regex.Pattern$Branch.match(Ljava/util/regex/Matcher;ILjava/lang/CharSequence;)Z @ 32
Event: 6.755 Thread 0x00007fefb4008800 Uncommon trap: reason=class_check action=maybe_recompile pc=0x00007fefb812855c method=java.lang.Throwable.<init>(Ljava/lang/Throwable;)V @ 24
Event: 6.778 Thread 0x00007fefb4008800 Uncommon trap: reason=class_check action=maybe_recompile pc=0x00007fefb812855c method=java.lang.Throwable.<init>(Ljava/lang/Throwable;)V @ 24
Event: 6.791 Thread 0x00007fefb4008800 Uncommon trap: reason=class_check action=maybe_recompile pc=0x00007fefb812855c method=java.lang.Throwable.<init>(Ljava/lang/Throwable;)V @ 24
Event: 6.841 Thread 0x00007fefb4008800 Uncommon trap: reason=bimorphic action=maybe_recompile pc=0x00007fefb82ae1b8 method=java.util.regex.Pattern$Branch.match(Ljava/util/regex/Matcher;ILjava/lang/CharSequence;)Z @ 32
Event: 6.841 Thread 0x00007fefb4008800 Uncommon trap: reason=bimorphic action=maybe_recompile pc=0x00007fefb82ae1b8 method=java.util.regex.Pattern$Branch.match(Ljava/util/regex/Matcher;ILjava/lang/CharSequence;)Z @ 32

Internal exceptions (10 events):
Event: 6.972 Thread 0x00007fefb4008800 Threw 0x00000000f308a7f8 at /build/java7-openjdk/src/icedtea-2.5.5/openjdk/hotspot/src/share/vm/prims/jvm.cpp:1284
Event: 6.976 Thread 0x00007fefb4008800 Threw 0x00000000f30ca620 at /build/java7-openjdk/src/icedtea-2.5.5/openjdk/hotspot/src/share/vm/prims/jvm.cpp:1284
Event: 6.978 Thread 0x00007fefb4008800 Threw 0x00000000f30d4ce8 at /build/java7-openjdk/src/icedtea-2.5.5/openjdk/hotspot/src/share/vm/prims/jvm.cpp:1284
Event: 6.979 Thread 0x00007fefb4008800 Threw 0x00000000f30df668 at /build/java7-openjdk/src/icedtea-2.5.5/openjdk/hotspot/src/share/vm/prims/jvm.cpp:1284
Event: 6.980 Thread 0x00007fefb4008800 Threw 0x00000000f30e4fe0 at /build/java7-openjdk/src/icedtea-2.5.5/openjdk/hotspot/src/share/vm/prims/jvm.cpp:1284
Event: 6.994 Thread 0x00007fefb4008800 Threw 0x00000000f31c3df0 at /build/java7-openjdk/src/icedtea-2.5.5/openjdk/hotspot/src/share/vm/prims/jvm.cpp:1284
Event: 6.995 Thread 0x00007fefb4008800 Threw 0x00000000f31caa88 at /build/java7-openjdk/src/icedtea-2.5.5/openjdk/hotspot/src/share/vm/prims/jvm.cpp:1284
Event: 6.996 Thread 0x00007fefb4008800 Threw 0x00000000f31cf878 at /build/java7-openjdk/src/icedtea-2.5.5/openjdk/hotspot/src/share/vm/prims/jvm.cpp:1284
Event: 7.009 Thread 0x00007fefb4008800 Threw 0x00000000f32192e0 at /build/java7-openjdk/src/icedtea-2.5.5/openjdk/hotspot/src/share/vm/prims/jvm.cpp:1284
Event: 7.060 Thread 0x00007fefb4008800 Threw 0x00000000f34217c8 at /build/java7-openjdk/src/icedtea-2.5.5/openjdk/hotspot/src/share/vm/prims/jvm.cpp:1284

Events (10 events):
Event: 6.994 loading class 0x00007fefb546ff10 done
Event: 6.995 loading class 0x00007fefb54704e0
Event: 6.995 loading class 0x00007fefb54704e0 done
Event: 6.996 loading class 0x00007fefb5470520
Event: 6.996 loading class 0x00007fefb5470520 done
Event: 7.008 loading class 0x00007fefb557c150
Event: 7.008 loading class 0x00007fefb557c150 done
Event: 7.060 loading class 0x00007fefb5376750
Event: 7.060 loading class 0x00007fefb5376750 done
Event: 7.331 Executing VM operation: ParallelGCFailedAllocation


Dynamic libraries:
00400000-00401000 r-xp 00000000 08:02 6433254                            /usr/lib/jvm/java-7-openjdk/jre/bin/java
00600000-00601000 rw-p 00000000 08:02 6433254                            /usr/lib/jvm/java-7-openjdk/jre/bin/java
019c6000-019e7000 rw-p 00000000 00:00 0                                  [heap]
b9e00000-bc000000 rw-p 00000000 00:00 0 
bc000000-c4400000 rw-p 00000000 00:00 0 
c4400000-c6b80000 rw-p 00000000 00:00 0 
c6b80000-ec100000 rw-p 00000000 00:00 0 
ec100000-f5100000 rw-p 00000000 00:00 0 
fd400000-100000000 rw-p 00000000 00:00 0 
7fef6c000000-7fef6c021000 rw-p 00000000 00:00 0 
7fef6c021000-7fef70000000 ---p 00000000 00:00 0 
7fef74000000-7fef74021000 rw-p 00000000 00:00 0 
7fef74021000-7fef78000000 ---p 00000000 00:00 0 
7fef78000000-7fef78021000 rw-p 00000000 00:00 0 
7fef78021000-7fef7c000000 ---p 00000000 00:00 0 
7fef7c000000-7fef7d85f000 rw-p 00000000 00:00 0 
7fef7d85f000-7fef80000000 ---p 00000000 00:00 0 
7fef80000000-7fef80021000 rw-p 00000000 00:00 0 
7fef80021000-7fef84000000 ---p 00000000 00:00 0 
7fef84000000-7fef84021000 rw-p 00000000 00:00 0 
7fef84021000-7fef88000000 ---p 00000000 00:00 0 
7fef88000000-7fef88e3d000 rw-p 00000000 00:00 0 
7fef88e3d000-7fef8c000000 ---p 00000000 00:00 0 
7fef8c000000-7fef8c021000 rw-p 00000000 00:00 0 
7fef8c021000-7fef90000000 ---p 00000000 00:00 0 
7fef90000000-7fef90021000 rw-p 00000000 00:00 0 
7fef90021000-7fef94000000 ---p 00000000 00:00 0 
7fef94000000-7fef94021000 rw-p 00000000 00:00 0 
7fef94021000-7fef98000000 ---p 00000000 00:00 0 
7fef98000000-7fef98021000 rw-p 00000000 00:00 0 
7fef98021000-7fef9c000000 ---p 00000000 00:00 0 
7fef9c000000-7fef9c021000 rw-p 00000000 00:00 0 
7fef9c021000-7fefa0000000 ---p 00000000 00:00 0 
7fefa4000000-7fefa4021000 rw-p 00000000 00:00 0 
7fefa4021000-7fefa8000000 ---p 00000000 00:00 0 
7fefa919a000-7fefa919b000 rw-p 00000000 00:00 0 
7fefa919b000-7fefa91a3000 r--s 000a8000 08:11 35913965                   /home/mthwate/.gradle/caches/modules-2/files-2.1/com.android.tools.external.lombok/lombok-ast/0.2.3/528b6f8bde3157f17530aa366631f2aad2a6cf9/lombok-ast-0.2.3.jar
7fefa91a3000-7fefa91a5000 r--s 0000d000 08:11 35913963                   /home/mthwate/.gradle/caches/modules-2/files-2.1/commons-codec/commons-codec/1.4/4216af16d38465bbab0f3dff8efa14204f7a399a/commons-codec-1.4.jar
7fefa91a5000-7fefa91a7000 r--s 0000d000 08:11 35913961                   /home/mthwate/.gradle/caches/modules-2/files-2.1/commons-logging/commons-logging/1.1.1/5043bfebc3db072ed80fbd362e7caf00e885d8ae/commons-logging-1.1.1.jar
7fefa91a7000-7fefa91ac000 r--s 00028000 08:11 35913959                   /home/mthwate/.gradle/caches/modules-2/files-2.1/org.apache.httpcomponents/httpcore/4.1/33fc26c02f8043ab0ede19eadc8c9885386b255c/httpcore-4.1.jar
7fefa91ac000-7fefa91ad000 r--s 00004000 08:11 35913957                   /home/mthwate/.gradle/caches/modules-2/files-2.1/org.ow2.asm/asm-analysis/5.0.3/c7126aded0e8e13fed5f913559a0dd7b770a10f3/asm-analysis-5.0.3.jar
7fefa91ad000-7fefa91b0000 r--s 0002b000 08:11 35913955                   /home/mthwate/.gradle/caches/modules-2/files-2.1/com.android.tools.lint/lint-api/24.1.3/a75b3dfb9104e09fef100fce9feb18b7fe30c2e/lint-api-24.1.3.jar
7fefa91b0000-7fefa91b1000 r--s 0000a000 08:11 35913953                   /home/mthwate/.gradle/caches/modules-2/files-2.1/net.sf.kxml/kxml2/2.3.0/ccbc77a5fd907ef863c29f3596c6f54ffa4e9442/kxml2-2.3.0.jar
7fefa91b1000-7fefa91dc000 r--s 001f9000 08:11 35913951                   /home/mthwate/.gradle/caches/modules-2/files-2.1/com.google.guava/guava/17.0/9c6ef172e8de35fd8d4d8783e4821e57cdef7445/guava-17.0.jar
7fefa91dc000-7fefa91e1000 r--s 0002a000 08:11 35913949                   /home/mthwate/.gradle/caches/modules-2/files-2.1/com.google.code.gson/gson/2.2.4/a60a5e993c98c864010053cb901b7eab25306568/gson-2.2.4.jar
7fefa91e1000-7fefa91e3000 r--s 00005000 08:11 35913947                   /home/mthwate/.gradle/caches/modules-2/files-2.1/org.apache.httpcomponents/httpmime/4.1/9ba2dcdf94ce35c8a8e9bff242db0618ca932e92/httpmime-4.1.jar
7fefa91e3000-7fefa91eb000 r--s 0004e000 08:11 35913945                   /home/mthwate/.gradle/caches/modules-2/files-2.1/org.apache.httpcomponents/httpclient/4.1.1/3d1d918f32709e33ba7ddb2c4e8d1c543ebe713e/httpclient-4.1.1.jar
7fefa91eb000-7fefa91f2000 r--s 00053000 08:11 35913943                   /home/mthwate/.gradle/caches/modules-2/files-2.1/org.apache.commons/commons-compress/1.8.1/a698750c16740fd5b3871425f4cb3bbaa87f529d/commons-compress-1.8.1.jar
7fefa91f2000-7fefa91f3000 r--s 00005000 08:11 35913941                   /home/mthwate/.gradle/caches/modules-2/files-2.1/com.android.tools/dvlib/24.1.3/637a1a657b190ee8abbbf2298f09ed6e90c3b8ef/dvlib-24.1.3.jar
7fefa91f3000-7fefa91f6000 r--s 00012000 08:11 35913939                   /home/mthwate/.gradle/caches/modules-2/files-2.1/com.android.tools.layoutlib/layoutlib-api/24.1.3/2160ac4c4d9795cf8a8130149a2ea0557ba02283/layoutlib-api-24.1.3.jar
7fefa91f6000-7fefa91f7000 r--s 00001000 08:11 35913937                   /home/mthwate/.gradle/caches/modules-2/files-2.1/com.android.tools/annotations/24.1.3/50057fe6aa0834b11e35f9723414c793022b30e4/annotations-24.1.3.jar
7fefa91f7000-7fefa9207000 r--s 000d3000 08:11 35913935                   /home/mthwate/.gradle/caches/modules-2/files-2.1/net.sf.proguard/proguard-base/5.1/dc606dd778fe4685be16d5a171782ccfe0ef5637/proguard-base-5.1.jar
7fefa9207000-7fefa9219000 r--s 00220000 08:11 35913933                   /home/mthwate/.gradle/caches/modules-2/files-2.1/org.eclipse.jdt.core.compiler/ecj/4.4/fe0a961ce7cca03dd3c9b3775c0133229e8231a6/ecj-4.4.jar
7fefa9219000-7fefa921e000 r--s 00091000 08:11 35913931                   /home/mthwate/.gradle/caches/modules-2/files-2.1/com.android.tools.lint/lint-checks/24.1.3/77820b72a4390e2d640932106588de4dfa5ed67/lint-checks-24.1.3.jar
7fefa921e000-7fefa9220000 r--s 00006000 08:11 35913929                   /home/mthwate/.gradle/caches/modules-2/files-2.1/org.ow2.asm/asm-tree/5.0.3/287749b48ba7162fb67c93a026d690b29f410bed/asm-tree-5.0.3.jar
7fefa9220000-7fefa9221000 r--s 0000c000 08:11 35913927                   /home/mthwate/.gradle/caches/modules-2/files-2.1/org.ow2.asm/asm/5.0.3/dcc2193db20e19e1feca8b1240dbbc4e190824fa/asm-5.0.3.jar
7fefa9221000-7fefa9254000 r--s 00203000 08:11 35913925                   /home/mthwate/.gradle/caches/modules-2/files-2.1/org.bouncycastle/bcprov-jdk15on/1.48/960dea7c9181ba0b17e8bab0c06a43f0a5f04e65/bcprov-jdk15on-1.48.jar
7fefa9254000-7fefa9262000 r--s 00081000 08:11 35913923                   /home/mthwate/.gradle/caches/modules-2/files-2.1/org.bouncycastle/bcpkix-jdk15on/1.48/28b7614b908a47844bb27e3c94b45b6893656265/bcpkix-jdk15on-1.48.jar
7fefa9262000-7fefa9264000 r--s 00002000 08:11 35913921                   /home/mthwate/.gradle/caches/modules-2/files-2.1/com.squareup/javawriter/2.5.0/81241ff7078ef14f42ea2a8995fa09c096256e6b/javawriter-2.5.0.jar
7fefa9264000-7fefa9269000 r--s 00042000 08:11 35913919                   /home/mthwate/.gradle/caches/modules-2/files-2.1/com.android.tools.ddms/ddmlib/24.1.3/666d2e62661eccf89033ea1433e3a8f3622b5078/ddmlib-24.1.3.jar
7fefa9269000-7fefa926d000 r--s 00029000 08:11 35913917                   /home/mthwate/.gradle/caches/modules-2/files-2.1/com.android.tools.build/manifest-merger/24.1.3/bceca436ab72301a3add739dbffb747ebb19ddc8/manifest-merger-24.1.3.jar
7fefa926d000-7fefa926f000 r--s 00012000 08:11 35913915                   /home/mthwate/.gradle/caches/modules-2/files-2.1/com.android.tools/common/24.1.3/84b5eaf800d08899fa7d3f7daf971a0d02ea80f0/common-24.1.3.jar
7fefa926f000-7fefa9276000 r--s 0005e000 08:11 35913913                   /home/mthwate/.gradle/caches/modules-2/files-2.1/com.android.tools/sdk-common/24.1.3/318e9d8ea2bbf481096e409c366795a6302498e5/sdk-common-24.1.3.jar
7fefa9276000-7fefa927f000 r--s 000a9000 08:11 35913911                   /home/mthwate/.gradle/caches/modules-2/files-2.1/com.android.tools/sdklib/24.1.3/7b2e09d45db370f3219c3da2d2e82493bdb9069f/sdklib-24.1.3.jar
7fefa927f000-7fefa9280000 r--s 00002000 08:11 35913909                   /home/mthwate/.gradle/caches/modules-2/files-2.1/com.android.tools.build/builder-test-api/1.1.3/cd1aebe463d911774829a144a48c5b88f13513e0/builder-test-api-1.1.3.jar
7fefa9280000-7fefa9282000 r--s 00004000 08:11 35913907                   /home/mthwate/.gradle/caches/modules-2/files-2.1/com.android.tools.build/builder-model/1.1.3/1bff7ac9edd904720fde8a0a0978818e39a04e73/builder-model-1.1.3.jar
7fefa9282000-7fefa9283000 r--s 00002000 08:11 35913905                   /home/mthwate/.gradle/caches/modules-2/files-2.1/net.sf.proguard/proguard-gradle/5.1/672d43cbfde4765080e5bea19c51a2cc45dfc00/proguard-gradle-5.1.jar
7fefa9283000-7fefa9285000 r--s 0001a000 08:11 35913903                   /home/mthwate/.gradle/caches/modules-2/files-2.1/com.android.tools.lint/lint/24.1.3/7f120107f7cce494650581e345070818713eb433/lint-24.1.3.jar
7fefa9285000-7fefa928a000 r--s 00034000 08:11 35913901                   /home/mthwate/.gradle/caches/modules-2/files-2.1/com.android.tools.build/builder/1.1.3/44e9cc678b260278b39349f7f13c305d68d17c8c/builder-1.1.3.jar
7fefa928a000-7fefa929b000 r--s 00140000 08:11 35913899                   /home/mthwate/.gradle/caches/modules-2/files-2.1/com.android.tools.build/gradle-core/1.1.3/94d5817bc8d445c5b2cfd44e8035afb6879c1bae/gradle-core-1.1.3.jar
7fefa929b000-7fefa929c000 r--s 00009000 08:11 35913897                   /home/mthwate/.gradle/caches/modules-2/files-2.1/com.android.tools.build/gradle/1.1.3/c6f66d30006cebbaf8c1c7f8675e955223bf64e6/gradle-1.1.3.jar
7fefa929c000-7fefa92a6000 r--s 000ae000 08:02 6567084                    /usr/lib/jvm/java-7-openjdk/jre/lib/resources.jar
7fefa92a6000-7fefa92a9000 ---p 00000000 00:00 0 
7fefa92a9000-7fefa93a7000 rw-p 00000000 00:00 0                          [stack:3687]
7fefa93a7000-7fefa93aa000 ---p 00000000 00:00 0 
7fefa93aa000-7fefa93e0000 rw-p 00000000 00:00 0                          [stack:3686]
7fefa93e0000-7fefa93e1000 r--p 00000000 00:00 0 
7fefa93e1000-7fefa944c000 r--s 0069e000 08:02 6433271                    /usr/lib/jvm/java-7-openjdk/lib/tools.jar
7fefa944c000-7fefa944d000 r--s 00001000 08:11 35783912                   /home/mthwate/.gradle/wrapper/dists/gradle-2.3-bin/a48v6zq5mdp1uyn9rwlj56945/gradle-2.3/lib/plugins/gradle-plugin-development-2.3.jar
7fefa944d000-7fefa944f000 r--s 00002000 08:11 35783911                   /home/mthwate/.gradle/wrapper/dists/gradle-2.3-bin/a48v6zq5mdp1uyn9rwlj56945/gradle-2.3/lib/plugins/gradle-cunit-2.3.jar
7fefa944f000-7fefa9454000 r--s 00036000 08:11 35783910                   /home/mthwate/.gradle/wrapper/dists/gradle-2.3-bin/a48v6zq5mdp1uyn9rwlj56945/gradle-2.3/lib/plugins/gradle-ide-native-2.3.jar
7fefa9454000-7fefa9459000 r--s 00015000 08:11 35783909                   /home/mthwate/.gradle/wrapper/dists/gradle-2.3-bin/a48v6zq5mdp1uyn9rwlj56945/gradle-2.3/lib/plugins/gradle-language-native-2.3.jar
7fefa9459000-7fefa945e000 r--s 00019000 08:11 35783908                   /home/mthwate/.gradle/wrapper/dists/gradle-2.3-bin/a48v6zq5mdp1uyn9rwlj56945/gradle-2.3/lib/plugins/gradle-platform-play-2.3.jar
7fefa945e000-7fefa946a000 r--s 0004e000 08:11 35783907                   /home/mthwate/.gradle/wrapper/dists/gradle-2.3-bin/a48v6zq5mdp1uyn9rwlj56945/gradle-2.3/lib/plugins/gradle-platform-native-2.3.jar
7fefa946a000-7fefa946c000 r--s 00008000 08:11 35783906                   /home/mthwate/.gradle/wrapper/dists/gradle-2.3-bin/a48v6zq5mdp1uyn9rwlj56945/gradle-2.3/lib/plugins/gradle-language-scala-2.3.jar
7fefa946c000-7fefa946e000 r--s 00008000 08:11 35783905                   /home/mthwate/.gradle/wrapper/dists/gradle-2.3-bin/a48v6zq5mdp1uyn9rwlj56945/gradle-2.3/lib/plugins/gradle-language-groovy-2.3.jar
7fefa946e000-7fefa9473000 r--s 00022000 08:11 35783904                   /home/mthwate/.gradle/wrapper/dists/gradle-2.3-bin/a48v6zq5mdp1uyn9rwlj56945/gradle-2.3/lib/plugins/gradle-language-java-2.3.jar
7fefa9473000-7fefa9475000 r--s 00008000 08:11 35783903                   /home/mthwate/.gradle/wrapper/dists/gradle-2.3-bin/a48v6zq5mdp1uyn9rwlj56945/gradle-2.3/lib/plugins/gradle-language-jvm-2.3.jar
7fefa9475000-7fefa9477000 r--s 00009000 08:11 35783902                   /home/mthwate/.gradle/wrapper/dists/gradle-2.3-bin/a48v6zq5mdp1uyn9rwlj56945/gradle-2.3/lib/plugins/gradle-platform-jvm-2.3.jar
7fefa9477000-7fefa947d000 r--s 0001a000 08:11 35783901                   /home/mthwate/.gradle/wrapper/dists/gradle-2.3-bin/a48v6zq5mdp1uyn9rwlj56945/gradle-2.3/lib/plugins/gradle-platform-base-2.3.jar
7fefa947d000-7fefa9482000 r--s 00026000 08:11 35783900                   /home/mthwate/.gradle/wrapper/dists/gradle-2.3-bin/a48v6zq5mdp1uyn9rwlj56945/gradle-2.3/lib/plugins/gradle-build-init-2.3.jar
7fefa9482000-7fefa9485000 r--s 0001c000 08:11 35783899                   /home/mthwate/.gradle/wrapper/dists/gradle-2.3-bin/a48v6zq5mdp1uyn9rwlj56945/gradle-2.3/lib/plugins/gradle-jacoco-2.3.jar
7fefa9485000-7fefa9488000 r--s 0000e000 08:11 35783898                   /home/mthwate/.gradle/wrapper/dists/gradle-2.3-bin/a48v6zq5mdp1uyn9rwlj56945/gradle-2.3/lib/plugins/gradle-ivy-2.3.jar
7fefa9488000-7fefa948a000 r--s 00002000 08:11 35783897                   /home/mthwate/.gradle/wrapper/dists/gradle-2.3-bin/a48v6zq5mdp1uyn9rwlj56945/gradle-2.3/lib/plugins/gradle-publish-2.3.jar
7fefa948a000-7fefa948c000 r--s 00005000 08:11 35783935                   /home/mthwate/.gradle/wrapper/dists/gradle-2.3-bin/a48v6zq5mdp1uyn9rwlj56945/gradle-2.3/lib/plugins/jatl-0.2.2.jar
7fefa948c000-7fefa948e000 r--s 0000f000 08:11 35783896                   /home/mthwate/.gradle/wrapper/dists/gradle-2.3-bin/a48v6zq5mdp1uyn9rwlj56945/gradle-2.3/lib/plugins/gradle-reporting-2.3.jar
7fefa948e000-7fefa9494000 r--s 00035000 08:11 35783895                   /home/mthwate/.gradle/wrapper/dists/gradle-2.3-bin/a48v6zq5mdp1uyn9rwlj56945/gradle-2.3/lib/plugins/gradle-diagnostics-2.3.jar
7fefa9494000-7fefa949b000 r--s 00094000 08:11 35783894                   /home/mthwate/.gradle/wrapper/dists/gradle-2.3-bin/a48v6zq5mdp1uyn9rwlj56945/gradle-2.3/lib/plugins/gradle-build-comparison-2.3.jar
7fefa949b000-7fefa94a2000 r--s 00035000 08:11 35783934                   /home/mthwate/.gradle/wrapper/dists/gradle-2.3-bin/a48v6zq5mdp1uyn9rwlj56945/gradle-2.3/lib/plugins/simple-4.1.21.jar
7fefa94a2000-7fefa94ae000 r--s 00100000 08:11 35783932                   /home/mthwate/.gradle/wrapper/dists/gradle-2.3-bin/a48v6zq5mdp1uyn9rwlj56945/gradle-2.3/lib/plugins/rhino-1.7R3.jar
7fefa94ae000-7fefa94b3000 r--s 0001f000 08:11 35783893                   /home/mthwate/.gradle/wrapper/dists/gradle-2.3-bin/a48v6zq5mdp1uyn9rwlj56945/gradle-2.3/lib/plugins/gradle-javascript-2.3.jar
7fefa94b3000-7fefa94b5000 r--s 0000e000 08:11 35783892                   /home/mthwate/.gradle/wrapper/dists/gradle-2.3-bin/a48v6zq5mdp1uyn9rwlj56945/gradle-2.3/lib/plugins/gradle-ear-2.3.jar
7fefa94b5000-7fefa94bc000 r--s 00038000 08:11 35783931                   /home/mthwate/.gradle/wrapper/dists/gradle-2.3-bin/a48v6zq5mdp1uyn9rwlj56945/gradle-2.3/lib/plugins/bcpg-jdk15on-1.51.jar
7fefa94bc000-7fefa94bf000 r--s 0001d000 08:11 35783891                   /home/mthwate/.gradle/wrapper/dists/gradle-2.3-bin/a48v6zq5mdp1uyn9rwlj56945/gradle-2.3/lib/plugins/gradle-signing-2.3.jar
7fefa94bf000-7fefa94c0000 r--s 00002000 08:11 35783930                   /home/mthwate/.gradle/wrapper/dists/gradle-2.3-bin/a48v6zq5mdp1uyn9rwlj56945/gradle-2.3/lib/plugins/sonar-batch-bootstrapper-2.9.jar
7fefa94c0000-7fefa94c3000 r--s 00018000 08:11 35783890                   /home/mthwate/.gradle/wrapper/dists/gradle-2.3-bin/a48v6zq5mdp1uyn9rwlj56945/gradle-2.3/lib/plugins/gradle-sonar-2.3.jar
7fefa94c3000-7fefa94c6000 r--s 00013000 08:11 35783889                   /home/mthwate/.gradle/wrapper/dists/gradle-2.3-bin/a48v6zq5mdp1uyn9rwlj56945/gradle-2.3/lib/plugins/gradle-scala-2.3.jar
7fefa94c6000-7fefa94c7000 r--s 0000e000 08:11 35783888                   /home/mthwate/.gradle/wrapper/dists/gradle-2.3-bin/a48v6zq5mdp1uyn9rwlj56945/gradle-2.3/lib/plugins/gradle-announce-2.3.jar
7fefa94c7000-7fefa94d4000 r--s 000b9000 08:11 35783887                   /home/mthwate/.gradle/wrapper/dists/gradle-2.3-bin/a48v6zq5mdp1uyn9rwlj56945/gradle-2.3/lib/plugins/gradle-ide-2.3.jar
7fefa94d4000-7fefa94d6000 r--s 00000000 08:11 35783929                   /home/mthwate/.gradle/wrapper/dists/gradle-2.3-bin/a48v6zq5mdp1uyn9rwlj56945/gradle-2.3/lib/plugins/plexus-component-annotations-1.5.2.jar
7fefa94d6000-7fefa94d9000 r--s 0000c000 08:11 35783928                   /home/mthwate/.gradle/wrapper/dists/gradle-2.3-bin/a48v6zq5mdp1uyn9rwlj56945/gradle-2.3/lib/plugins/pmaven-groovy-0.8-20100325.jar
7fefa94d9000-7fefa94da000 r--s 00004000 08:11 35783927                   /home/mthwate/.gradle/wrapper/dists/gradle-2.3-bin/a48v6zq5mdp1uyn9rwlj56945/gradle-2.3/lib/plugins/pmaven-common-0.8-20100325.jar
7fefa94da000-7fefa94e0000 r--s 0001e000 08:11 35783885                   /home/mthwate/.gradle/wrapper/dists/gradle-2.3-bin/a48v6zq5mdp1uyn9rwlj56945/gradle-2.3/lib/plugins/gradle-maven-2.3.jar
7fefa94e0000-7fefa94f8000 r--s 0013b000 08:11 35783925                   /home/mthwate/.gradle/wrapper/dists/gradle-2.3-bin/a48v6zq5mdp1uyn9rwlj56945/gradle-2.3/lib/plugins/bndlib-2.1.0.jar
7fefa94f8000-7fefa94fa000 r--s 00004000 08:11 35783883                   /home/mthwate/.gradle/wrapper/dists/gradle-2.3-bin/a48v6zq5mdp1uyn9rwlj56945/gradle-2.3/lib/plugins/gradle-osgi-2.3.jar
7fefa94fa000-7fefa94fc000 r--s 00004000 08:11 35783881                   /home/mthwate/.gradle/wrapper/dists/gradle-2.3-bin/a48v6zq5mdp1uyn9rwlj56945/gradle-2.3/lib/plugins/gradle-antlr-2.3.jar
7fefa94fc000-7fefa94ff000 r--s 0001e000 08:11 35783946                   /home/mthwate/.gradle/wrapper/dists/gradle-2.3-bin/a48v6zq5mdp1uyn9rwlj56945/gradle-2.3/lib/plugins/jsp-api-2.1-6.1.14.jar
7fefa94ff000-7fefa9522000 r--s 00344000 08:11 35783945                   /home/mthwate/.gradle/wrapper/dists/gradle-2.3-bin/a48v6zq5mdp1uyn9rwlj56945/gradle-2.3/lib/plugins/core-3.1.1.jar
7fefa9522000-7fefa9523000 r--s 00006000 08:11 35783944                   /home/mthwate/.gradle/wrapper/dists/gradle-2.3-bin/a48v6zq5mdp1uyn9rwlj56945/gradle-2.3/lib/plugins/jetty-naming-6.1.25.jar
7fefa9523000-7fefa9524000 r--s 00002000 08:11 35783924                   /home/mthwate/.gradle/wrapper/dists/gradle-2.3-bin/a48v6zq5mdp1uyn9rwlj56945/gradle-2.3/lib/plugins/geronimo-annotation_1.0_spec-1.0.jar
7fefa9524000-7fefa9526000 r--s 00002000 08:11 35783923                   /home/mthwate/.gradle/wrapper/dists/gradle-2.3-bin/a48v6zq5mdp1uyn9rwlj56945/gradle-2.3/lib/plugins/jetty-annotations-6.1.25.jar
7fefa9526000-7fefa9537000 r--s 000ea000 08:11 35783922                   /home/mthwate/.gradle/wrapper/dists/gradle-2.3-bin/a48v6zq5mdp1uyn9rwlj56945/gradle-2.3/lib/plugins/jsp-2.1-6.1.14.jar
7fefa9537000-7fefa9539000 r--s 0000d000 08:11 35783921                   /home/mthwate/.gradle/wrapper/dists/gradle-2.3-bin/a48v6zq5mdp1uyn9rwlj56945/gradle-2.3/lib/plugins/jetty-plus-6.1.25.jar
7fefa9539000-7fefa953b000 r--s 0001f000 08:11 35783920                   /home/mthwate/.gradle/wrapper/dists/gradle-2.3-bin/a48v6zq5mdp1uyn9rwlj56945/gradle-2.3/lib/plugins/servlet-api-2.5-20081211.jar
7fefa953b000-7fefa953f000 r--s 00028000 08:11 35783919                   /home/mthwate/.gradle/wrapper/dists/gradle-2.3-bin/a48v6zq5mdp1uyn9rwlj56945/gradle-2.3/lib/plugins/jetty-util-6.1.25.jar
7fefa953f000-7fefa9546000 r--s 0007d000 08:11 35783918                   /home/mthwate/.gradle/wrapper/dists/gradle-2.3-bin/a48v6zq5mdp1uyn9rwlj56945/gradle-2.3/lib/plugins/jetty-6.1.25.jar
7fefa9546000-7fefa9548000 r--s 00009000 08:11 35783880                   /home/mthwate/.gradle/wrapper/dists/gradle-2.3-bin/a48v6zq5mdp1uyn9rwlj56945/gradle-2.3/lib/plugins/gradle-jetty-2.3.jar
7fefa9548000-7fefa954d000 r--s 00041000 08:11 35783879                   /home/mthwate/.gradle/wrapper/dists/gradle-2.3-bin/a48v6zq5mdp1uyn9rwlj56945/gradle-2.3/lib/plugins/gradle-code-quality-2.3.jar
7fefa954d000-7fefa954f000 r--s 00009000 08:11 35783954                   /home/mthwate/.gradle/wrapper/dists/gradle-2.3-bin/a48v6zq5mdp1uyn9rwlj56945/gradle-2.3/lib/plugins/hamcrest-core-1.3.jar
7fefa954f000-7fefa9555000 r--s 00033000 08:11 35783943                   /home/mthwate/.gradle/wrapper/dists/gradle-2.3-bin/a48v6zq5mdp1uyn9rwlj56945/gradle-2.3/lib/plugins/snakeyaml-1.6.jar
7fefa9555000-7fefa9557000 r--s 00006000 08:11 35783942                   /home/mthwate/.gradle/wrapper/dists/gradle-2.3-bin/a48v6zq5mdp1uyn9rwlj56945/gradle-2.3/lib/plugins/jcommander-1.12.jar
7fefa9557000-7fefa955c000 r--s 00040000 08:11 35783941                   /home/mthwate/.gradle/wrapper/dists/gradle-2.3-bin/a48v6zq5mdp1uyn9rwlj56945/gradle-2.3/lib/plugins/bsh-2.0b4.jar
7fefa955c000-7fefa955e000 r--s 00009000 08:11 35783917                   /home/mthwate/.gradle/wrapper/dists/gradle-2.3-bin/a48v6zq5mdp1uyn9rwlj56945/gradle-2.3/lib/plugins/commons-cli-1.2.jar
7fefa955e000-7fefa9567000 r--s 00089000 08:11 35783916                   /home/mthwate/.gradle/wrapper/dists/gradle-2.3-bin/a48v6zq5mdp1uyn9rwlj56945/gradle-2.3/lib/plugins/testng-6.3.1.jar
7fefa9567000-7fefa956d000 r--s 00036000 08:11 35783915                   /home/mthwate/.gradle/wrapper/dists/gradle-2.3-bin/a48v6zq5mdp1uyn9rwlj56945/gradle-2.3/lib/plugins/junit-4.11.jar
7fefa956d000-7fefa9579000 r--s 00078000 08:11 35783878                   /home/mthwate/.gradle/wrapper/dists/gradle-2.3-bin/a48v6zq5mdp1uyn9rwlj56945/gradle-2.3/lib/plugins/gradle-plugins-2.3.jar
7fefa9579000-7fefa957e000 r--s 0002a000 08:11 35783933                   /home/mthwate/.gradle/wrapper/dists/gradle-2.3-bin/a48v6zq5mdp1uyn9rwlj56945/gradle-2.3/lib/plugins/gson-2.2.4.jar
7fefa957e000-7fefa9582000 r--s 00010000 08:11 35783913                   /home/mthwate/.gradle/wrapper/dists/gradle-2.3-bin/a48v6zq5mdp1uyn9rwlj56945/gradle-2.3/lib/plugins/gradle-plugin-use-2.3.jar
7fefa9582000-7fefa959a000 r--s 00115000 08:11 35783952                   /home/mthwate/.gradle/wrapper/dists/gradle-2.3-bin/a48v6zq5mdp1uyn9rwlj56945/gradle-2.3/lib/plugins/xercesImpl-2.9.1.jar
7fefa959a000-7fefa95a2000 r--s 00028000 08:11 35783953                   /home/mthwate/.gradle/wrapper/dists/gradle-2.3-bin/a48v6zq5mdp1uyn9rwlj56945/gradle-2.3/lib/plugins/xml-apis-1.3.04.jar
7fefa95a2000-7fefa95a8000 r--s 0005b000 08:11 35783951                   /home/mthwate/.gradle/wrapper/dists/gradle-2.3-bin/a48v6zq5mdp1uyn9rwlj56945/gradle-2.3/lib/plugins/jcifs-1.3.17.jar
7fefa95a8000-7fefa95ae000 r--s 00031000 08:11 35783950                   /home/mthwate/.gradle/wrapper/dists/gradle-2.3-bin/a48v6zq5mdp1uyn9rwlj56945/gradle-2.3/lib/plugins/httpcore-4.2.2.jar
7fefa95ae000-7fefa95b4000 r--s 00033000 08:11 35783949                   /home/mthwate/.gradle/wrapper/dists/gradle-2.3-bin/a48v6zq5mdp1uyn9rwlj56945/gradle-2.3/lib/plugins/commons-codec-1.6.jar
7fefa95b4000-7fefa95b7000 r--s 0001c000 08:11 35783948                   /home/mthwate/.gradle/wrapper/dists/gradle-2.3-bin/a48v6zq5mdp1uyn9rwlj56945/gradle-2.3/lib/plugins/nekohtml-1.9.14.jar
7fefa95b7000-7fefa95c0000 r--s 00060000 08:11 35783947                   /home/mthwate/.gradle/wrapper/dists/gradle-2.3-bin/a48v6zq5mdp1uyn9rwlj56945/gradle-2.3/lib/plugins/httpclient-4.2.2.jar
7fefa95c0000-7fefa95c2000 r--s 00007000 08:11 35783936                   /home/mthwate/.gradle/wrapper/dists/gradle-2.3-bin/a48v6zq5mdp1uyn9rwlj56945/gradle-2.3/lib/plugins/gradle-resources-http-2.3.jar
7fefa95c2000-7fefa9602000 r--s 00277000 08:11 35783940                   /home/mthwate/.gradle/wrapper/dists/gradle-2.3-bin/a48v6zq5mdp1uyn9rwlj56945/gradle-2.3/lib/plugins/bcprov-jdk15on-1.51.jar
7fefa9602000-7fefa9606000 r--s 0001d000 08:11 35783939                   /home/mthwate/.gradle/wrapper/dists/gradle-2.3-bin/a48v6zq5mdp1uyn9rwlj56945/gradle-2.3/lib/plugins/xbean-reflect-3.4.jar
7fefa9606000-7fefa960a000 r--s 0003d000 08:11 35783938                   /home/mthwate/.gradle/wrapper/dists/gradle-2.3-bin/a48v6zq5mdp1uyn9rwlj56945/gradle-2.3/lib/plugins/jsch-0.1.51.jar
7fefa960a000-7fefa9623000 r--s 00129000 08:11 35783926                   /home/mthwate/.gradle/wrapper/dists/gradle-2.3-bin/a48v6zq5mdp1uyn9rwlj56945/gradle-2.3/lib/plugins/maven-ant-tasks-2.1.3.jar
7fefa9623000-7fefa9632000 r--s 000d9000 08:11 35783937                   /home/mthwate/.gradle/wrapper/dists/gradle-2.3-bin/a48v6zq5mdp1uyn9rwlj56945/gradle-2.3/lib/plugins/ivy-2.2.0.jar
7fefa9632000-7fefa9636000 r--s 0001e000 08:11 35783877                   /home/mthwate/.gradle/wrapper/dists/gradle-2.3-bin/a48v6zq5mdp1uyn9rwlj56945/gradle-2.3/lib/plugins/jarjar-aether-impl-1.13.1.jar
7fefa9636000-7fefa9639000 r--s 00027000 08:11 35783876                   /home/mthwate/.gradle/wrapper/dists/gradle-2.3-bin/a48v6zq5mdp1uyn9rwlj56945/gradle-2.3/lib/plugins/jarjar-maven-model-3.0.4.jar
7fefa9639000-7fefa963c000 r--s 0000b000 08:11 35783875                   /home/mthwate/.gradle/wrapper/dists/gradle-2.3-bin/a48v6zq5mdp1uyn9rwlj56945/gradle-2.3/lib/plugins/jarjar-maven-artifact-3.0.4.jar
7fefa963c000-7fefa9640000 r--s 0001e000 08:11 35783874                   /home/mthwate/.gradle/wrapper/dists/gradle-2.3-bin/a48v6zq5mdp1uyn9rwlj56945/gradle-2.3/lib/plugins/jarjar-aether-util-1.13.1.jar
7fefa9640000-7fefa9642000 r--s 00007000 08:11 35783873                   /home/mthwate/.gradle/wrapper/dists/gradle-2.3-bin/a48v6zq5mdp1uyn9rwlj56945/gradle-2.3/lib/plugins/jarjar-wagon-http-shared4-2.4.jar
7fefa9642000-7fefa964f000 r--s 00083000 08:11 35783862                   /home/mthwate/.gradle/wrapper/dists/gradle-2.3-bin/a48v6zq5mdp1uyn9rwlj56945/gradle-2.3/lib/plugins/jarjar-maven-core-3.0.4.jar
7fefa964f000-7fefa9651000 r--s 00003000 08:11 35783861                   /home/mthwate/.gradle/wrapper/dists/gradle-2.3-bin/a48v6zq5mdp1uyn9rwlj56945/gradle-2.3/lib/plugins/jarjar-aether-spi-1.13.1.jar
7fefa9651000-7fefa9653000 r--s 00009000 08:11 35783860                   /home/mthwate/.gradle/wrapper/dists/gradle-2.3-bin/a48v6zq5mdp1uyn9rwlj56945/gradle-2.3/lib/plugins/jarjar-maven-settings-builder-3.0.4.jar
7fefa9653000-7fefa9657000 r--s 00014000 08:11 35783859                   /home/mthwate/.gradle/wrapper/dists/gradle-2.3-bin/a48v6zq5mdp1uyn9rwlj56945/gradle-2.3/lib/plugins/jarjar-aether-api-1.13.1.jar
7fefa9657000-7fefa9658000 r--s 00002000 08:11 35783858                   /home/mthwate/.gradle/wrapper/dists/gradle-2.3-bin/a48v6zq5mdp1uyn9rwlj56945/gradle-2.3/lib/plugins/jarjar-wagon-http-2.4.jar
7fefa9658000-7fefa965f000 r--s 00042000 08:11 35783857                   /home/mthwate/.gradle/wrapper/dists/gradle-2.3-bin/a48v6zq5mdp1uyn9rwlj56945/gradle-2.3/lib/plugins/jarjar-maven-compat-3.0.4.jar
7fefa965f000-7fefa9661000 r--s 00006000 08:11 35783856                   /home/mthwate/.gradle/wrapper/dists/gradle-2.3-bin/a48v6zq5mdp1uyn9rwlj56945/gradle-2.3/lib/plugins/jarjar-aether-connector-wagon-1.13.1.jar
7fefa9661000-7fefa9663000 r--s 00000000 08:11 35783855                   /home/mthwate/.gradle/wrapper/dists/gradle-2.3-bin/a48v6zq5mdp1uyn9rwlj56945/gradle-2.3/lib/plugins/jarjar-plexus-component-annotations-1.5.5.jar
7fefa9663000-7fefa9665000 r--s 00006000 08:11 35783854                   /home/mthwate/.gradle/wrapper/dists/gradle-2.3-bin/a48v6zq5mdp1uyn9rwlj56945/gradle-2.3/lib/plugins/jarjar-plexus-sec-dispatcher-1.3.jar
7fefa9665000-7fefa966a000 r--s 00022000 08:11 35783853                   /home/mthwate/.gradle/wrapper/dists/gradle-2.3-bin/a48v6zq5mdp1uyn9rwlj56945/gradle-2.3/lib/plugins/jarjar-maven-model-builder-3.0.4.jar
7fefa966a000-7fefa966c000 r--s 0000b000 08:11 35783852                   /home/mthwate/.gradle/wrapper/dists/gradle-2.3-bin/a48v6zq5mdp1uyn9rwlj56945/gradle-2.3/lib/plugins/jarjar-maven-plugin-api-3.0.4.jar
7fefa966c000-7fefa9674000 r-xp 00000000 08:02 6696788                    /usr/lib/jvm/java-7-openjdk/jre/lib/amd64/libmanagement.so
7fefa9674000-7fefa9873000 ---p 00008000 08:02 6696788                    /usr/lib/jvm/java-7-openjdk/jre/lib/amd64/libmanagement.so
7fefa9873000-7fefa9874000 rw-p 00007000 08:02 6696788                    /usr/lib/jvm/java-7-openjdk/jre/lib/amd64/libmanagement.so
7fefa9874000-7fefa9889000 r-xp 00000000 00:1e 113212                     /tmp/jna9054796308797580434.tmp
7fefa9889000-7fefa9988000 ---p 00015000 00:1e 113212                     /tmp/jna9054796308797580434.tmp
7fefa9988000-7fefa998a000 rw-p 00014000 00:1e 113212                     /tmp/jna9054796308797580434.tmp
7fefa998a000-7fefa99db000 r-xp 00000000 08:02 5770756                    /usr/lib/libncurses.so.5.9
7fefa99db000-7fefa9bda000 ---p 00051000 08:02 5770756                    /usr/lib/libncurses.so.5.9
7fefa9bda000-7fefa9bde000 r--p 00050000 08:02 5770756                    /usr/lib/libncurses.so.5.9
7fefa9bde000-7fefa9bdf000 rw-p 00054000 08:02 5770756                    /usr/lib/libncurses.so.5.9
7fefa9bdf000-7fefa9be0000 rw-p 00000000 00:00 0 
7fefa9be0000-7fefa9be3000 r--s 0000a000 08:11 35783783                   /home/mthwate/.gradle/wrapper/dists/gradle-2.3-bin/a48v6zq5mdp1uyn9rwlj56945/gradle-2.3/lib/plugins/jarjar-plexus-classworlds-2.4.jar
7fefa9be3000-7fefa9be7000 r--s 00035000 08:11 35783782                   /home/mthwate/.gradle/wrapper/dists/gradle-2.3-bin/a48v6zq5mdp1uyn9rwlj56945/gradle-2.3/lib/plugins/jarjar-plexus-utils-2.0.6.jar
7fefa9be7000-7fefa9be9000 r--s 0000e000 08:11 35783781                   /home/mthwate/.gradle/wrapper/dists/gradle-2.3-bin/a48v6zq5mdp1uyn9rwlj56945/gradle-2.3/lib/plugins/jarjar-plexus-interpolation-1.14.jar
7fefa9be9000-7fefa9beb000 r--s 00002000 08:11 35783780                   /home/mthwate/.gradle/wrapper/dists/gradle-2.3-bin/a48v6zq5mdp1uyn9rwlj56945/gradle-2.3/lib/plugins/jarjar-plexus-cipher-1.7.jar
7fefa9beb000-7fefa9bed000 r--s 0000c000 08:11 35783779                   /home/mthwate/.gradle/wrapper/dists/gradle-2.3-bin/a48v6zq5mdp1uyn9rwlj56945/gradle-2.3/lib/plugins/jarjar-wagon-provider-api-2.4.jar
7fefa9bed000-7fefa9bef000 r--s 0000d000 08:11 35783778                   /home/mthwate/.gradle/wrapper/dists/gradle-2.3-bin/a48v6zq5mdp1uyn9rwlj56945/gradle-2.3/lib/plugins/jarjar-maven-aether-provider-3.0.4.jar
7fefa9bef000-7fefa9bf7000 r--s 00031000 08:11 35783777                   /home/mthwate/.gradle/wrapper/dists/gradle-2.3-bin/a48v6zq5mdp1uyn9rwlj56945/gradle-2.3/lib/plugins/jarjar-plexus-container-default-1.5.5.jar
7fefa9bf7000-7fefa9bf8000 r--s 00007000 08:11 35783776                   /home/mthwate/.gradle/wrapper/dists/gradle-2.3-bin/a48v6zq5mdp1uyn9rwlj56945/gradle-2.3/lib/plugins/jarjar-maven-repository-metadata-3.0.4.jar
7fefa9bf8000-7fefa9bf9000 r--s 0000b000 08:11 35783775                   /home/mthwate/.gradle/wrapper/dists/gradle-2.3-bin/a48v6zq5mdp1uyn9rwlj56945/gradle-2.3/lib/plugins/jarjar-maven-settings-3.0.4.jar
7fefa9bf9000-7fefa9c12000 r--s 000b7000 08:11 35783914                   /home/mthwate/.gradle/wrapper/dists/gradle-2.3-bin/a48v6zq5mdp1uyn9rwlj56945/gradle-2.3/lib/plugins/gradle-dependency-management-2.3.jar
7fefa9c12000-7fefa9c15000 r-xp 00000000 08:11 36045069                   /home/mthwate/.gradle/native/19/linux-amd64/libnative-platform-curses.so
7fefa9c15000-7fefa9e15000 ---p 00003000 08:11 36045069                   /home/mthwate/.gradle/native/19/linux-amd64/libnative-platform-curses.so
7fefa9e15000-7fefa9e16000 rw-p 00003000 08:11 36045069                   /home/mthwate/.gradle/native/19/linux-amd64/libnative-platform-curses.so
7fefa9e16000-7fefa9e1a000 r-xp 00000000 08:11 36045067                   /home/mthwate/.gradle/native/19/linux-amd64/libnative-platform.so
7fefa9e1a000-7fefaa019000 ---p 00004000 08:11 36045067                   /home/mthwate/.gradle/native/19/linux-amd64/libnative-platform.so
7fefaa019000-7fefaa01a000 rw-p 00003000 08:11 36045067                   /home/mthwate/.gradle/native/19/linux-amd64/libnative-platform.so
7fefaa01a000-7fefaa01c000 r--s 00005000 08:11 35783726                   /home/mthwate/.gradle/wrapper/dists/gradle-2.3-bin/a48v6zq5mdp1uyn9rwlj56945/gradle-2.3/lib/gradle-wrapper-2.3.jar
7fefaa01c000-7fefaa025000 r--s 0002c000 08:11 35783731                   /home/mthwate/.gradle/wrapper/dists/gradle-2.3-bin/a48v6zq5mdp1uyn9rwlj56945/gradle-2.3/lib/gradle-tooling-api-2.3.jar
7fefaa025000-7fefaa027000 r--s 00002000 08:11 35783755                   /home/mthwate/.gradle/wrapper/dists/gradle-2.3-bin/a48v6zq5mdp1uyn9rwlj56945/gradle-2.3/lib/gradle-open-api-2.3.jar
7fefaa027000-7fefaa02d000 r--s 00032000 08:11 35783757                   /home/mthwate/.gradle/wrapper/dists/gradle-2.3-bin/a48v6zq5mdp1uyn9rwlj56945/gradle-2.3/lib/jaxen-1.1.jar
7fefaa02d000-7fefaa032000 r--s 00048000 08:11 35783756                   /home/mthwate/.gradle/wrapper/dists/gradle-2.3-bin/a48v6zq5mdp1uyn9rwlj56945/gradle-2.3/lib/dom4j-1.6.1.jar
7fefaa032000-7fefaa03d000 r--s 00059000 08:11 35783730                   /home/mthwate/.gradle/wrapper/dists/gradle-2.3-bin/a48v6zq5mdp1uyn9rwlj56945/gradle-2.3/lib/gradle-ui-2.3.jar
7fefaa03d000-7fefaa03f000 r--s 00006000 08:11 35783751                   /home/mthwate/.gradle/wrapper/dists/gradle-2.3-bin/a48v6zq5mdp1uyn9rwlj56945/gradle-2.3/lib/gradle-resources-2.3.jar
7fefaa03f000-7fefaa041000 r--s 00007000 08:11 35783773                   /home/mthwate/.gradle/wrapper/dists/gradle-2.3-bin/a48v6zq5mdp1uyn9rwlj56945/gradle-2.3/lib/objenesis-1.2.jar
7fefaa041000-7fefaa043000 r--s 00000000 08:11 35783772                   /home/mthwate/.gradle/wrapper/dists/gradle-2.3-bin/a48v6zq5mdp1uyn9rwlj56945/gradle-2.3/lib/minlog-1.2.jar
7fefaa043000-7fefaa045000 r--s 0000f000 08:11 35783771                   /home/mthwate/.gradle/wrapper/dists/gradle-2.3-bin/a48v6zq5mdp1uyn9rwlj56945/gradle-2.3/lib/reflectasm-1.07-shaded.jar
7fefaa045000-7fefaa049000 r--s 00026000 08:11 35783762                   /home/mthwate/.gradle/wrapper/dists/gradle-2.3-bin/a48v6zq5mdp1uyn9rwlj56945/gradle-2.3/lib/kryo-2.20.jar
7fefaa049000-7fefaa052000 r--s 00039000 08:11 35783750                   /home/mthwate/.gradle/wrapper/dists/gradle-2.3-bin/a48v6zq5mdp1uyn9rwlj56945/gradle-2.3/lib/gradle-messaging-2.3.jar
7fefaa052000-7fefaa053000 r--s 00003000 08:11 35783770                   /home/mthwate/.gradle/wrapper/dists/gradle-2.3-bin/a48v6zq5mdp1uyn9rwlj56945/gradle-2.3/lib/native-platform-freebsd-amd64-0.10.jar
7fefaa053000-7fefaa054000 r--s 00003000 08:11 35783769                   /home/mthwate/.gradle/wrapper/dists/gradle-2.3-bin/a48v6zq5mdp1uyn9rwlj56945/gradle-2.3/lib/native-platform-freebsd-i386-0.10.jar
7fefaa054000-7fefaa055000 r--s 00005000 08:11 35783768                   /home/mthwate/.gradle/wrapper/dists/gradle-2.3-bin/a48v6zq5mdp1uyn9rwlj56945/gradle-2.3/lib/native-platform-windows-i386-0.10.jar
7fefaa055000-7fefaa056000 r--s 00005000 08:11 35783767                   /home/mthwate/.gradle/wrapper/dists/gradle-2.3-bin/a48v6zq5mdp1uyn9rwlj56945/gradle-2.3/lib/native-platform-windows-amd64-0.10.jar
7fefaa056000-7fefaa057000 r--s 00003000 08:11 35783766                   /home/mthwate/.gradle/wrapper/dists/gradle-2.3-bin/a48v6zq5mdp1uyn9rwlj56945/gradle-2.3/lib/native-platform-linux-i386-0.10.jar
7fefaa057000-7fefaa058000 r--s 00003000 08:11 35783765                   /home/mthwate/.gradle/wrapper/dists/gradle-2.3-bin/a48v6zq5mdp1uyn9rwlj56945/gradle-2.3/lib/native-platform-linux-amd64-0.10.jar
7fefaa058000-7fefaa059000 r--s 00002000 08:11 35783764                   /home/mthwate/.gradle/wrapper/dists/gradle-2.3-bin/a48v6zq5mdp1uyn9rwlj56945/gradle-2.3/lib/native-platform-osx-amd64-0.10.jar
7fefaa059000-7fefaa05a000 r--s 00002000 08:11 35783763                   /home/mthwate/.gradle/wrapper/dists/gradle-2.3-bin/a48v6zq5mdp1uyn9rwlj56945/gradle-2.3/lib/native-platform-osx-i386-0.10.jar
7fefaa05a000-7fefaa05c000 r--s 00008000 08:11 35783760                   /home/mthwate/.gradle/wrapper/dists/gradle-2.3-bin/a48v6zq5mdp1uyn9rwlj56945/gradle-2.3/lib/jansi-1.2.1.jar
7fefaa05c000-7fefaa05f000 r--s 0000d000 08:11 35783759                   /home/mthwate/.gradle/wrapper/dists/gradle-2.3-bin/a48v6zq5mdp1uyn9rwlj56945/gradle-2.3/lib/native-platform-0.10.jar
7fefaa05f000-7fefaa063000 r--s 000e4000 08:11 35783758                   /home/mthwate/.gradle/wrapper/dists/gradle-2.3-bin/a48v6zq5mdp1uyn9rwlj56945/gradle-2.3/lib/jna-3.2.7.jar
7fefaa063000-7fefaa06b000 r--s 00033000 08:11 35783737                   /home/mthwate/.gradle/wrapper/dists/gradle-2.3-bin/a48v6zq5mdp1uyn9rwlj56945/gradle-2.3/lib/gradle-model-core-2.3.jar
7fefaa06b000-7fefaa0d7000 r--s 00688000 08:11 35783736                   /home/mthwate/.gradle/wrapper/dists/gradle-2.3-bin/a48v6zq5mdp1uyn9rwlj56945/gradle-2.3/lib/groovy-all-2.3.9.jar
7fefaa0d7000-7fefaa0e7000 r-xp 00000000 08:02 6696787                    /usr/lib/jvm/java-7-openjdk/jre/lib/amd64/libnio.so
7fefaa0e7000-7fefaa2e7000 ---p 00010000 08:02 6696787                    /usr/lib/jvm/java-7-openjdk/jre/lib/amd64/libnio.so
7fefaa2e7000-7fefaa2e8000 rw-p 00010000 08:02 6696787                    /usr/lib/jvm/java-7-openjdk/jre/lib/amd64/libnio.so
7fefaa2e8000-7fefaa356000 r-xp 00000000 08:02 5778005                    /usr/lib/libpcre.so.1.2.4
7fefaa356000-7fefaa555000 ---p 0006e000 08:02 5778005                    /usr/lib/libpcre.so.1.2.4
7fefaa555000-7fefaa556000 r--p 0006d000 08:02 5778005                    /usr/lib/libpcre.so.1.2.4
7fefaa556000-7fefaa557000 rw-p 0006e000 08:02 5778005                    /usr/lib/libpcre.so.1.2.4
7fefaa557000-7fefaa55f000 r-xp 00000000 08:02 5778134                    /usr/lib/libffi.so.6.0.4
7fefaa55f000-7fefaa75e000 ---p 00008000 08:02 5778134                    /usr/lib/libffi.so.6.0.4
7fefaa75e000-7fefaa75f000 r--p 00007000 08:02 5778134                    /usr/lib/libffi.so.6.0.4
7fefaa75f000-7fefaa760000 rw-p 00008000 08:02 5778134                    /usr/lib/libffi.so.6.0.4
7fefaa760000-7fefaa774000 r-xp 00000000 08:02 5770329                    /usr/lib/libresolv-2.21.so
7fefaa774000-7fefaa973000 ---p 00014000 08:02 5770329                    /usr/lib/libresolv-2.21.so
7fefaa973000-7fefaa974000 r--p 00013000 08:02 5770329                    /usr/lib/libresolv-2.21.so
7fefaa974000-7fefaa975000 rw-p 00014000 08:02 5770329                    /usr/lib/libresolv-2.21.so
7fefaa975000-7fefaa977000 rw-p 00000000 00:00 0 
7fefaa977000-7fefaa97a000 r-xp 00000000 08:02 5778218                    /usr/lib/libgmodule-2.0.so.0.4400.0
7fefaa97a000-7fefaab79000 ---p 00003000 08:02 5778218                    /usr/lib/libgmodule-2.0.so.0.4400.0
7fefaab79000-7fefaab7a000 r--p 00002000 08:02 5778218                    /usr/lib/libgmodule-2.0.so.0.4400.0
7fefaab7a000-7fefaab7b000 rw-p 00003000 08:02 5778218                    /usr/lib/libgmodule-2.0.so.0.4400.0
7fefaab7b000-7fefaac87000 r-xp 00000000 08:02 5778217                    /usr/lib/libglib-2.0.so.0.4400.0
7fefaac87000-7fefaae86000 ---p 0010c000 08:02 5778217                    /usr/lib/libglib-2.0.so.0.4400.0
7fefaae86000-7fefaae87000 r--p 0010b000 08:02 5778217                    /usr/lib/libglib-2.0.so.0.4400.0
7fefaae87000-7fefaae88000 rw-p 0010c000 08:02 5778217                    /usr/lib/libglib-2.0.so.0.4400.0
7fefaae88000-7fefaae89000 rw-p 00000000 00:00 0 
7fefaae89000-7fefaaed8000 r-xp 00000000 08:02 5778220                    /usr/lib/libgobject-2.0.so.0.4400.0
7fefaaed8000-7fefab0d8000 ---p 0004f000 08:02 5778220                    /usr/lib/libgobject-2.0.so.0.4400.0
7fefab0d8000-7fefab0d9000 r--p 0004f000 08:02 5778220                    /usr/lib/libgobject-2.0.so.0.4400.0
7fefab0d9000-7fefab0da000 rw-p 00050000 08:02 5778220                    /usr/lib/libgobject-2.0.so.0.4400.0
7fefab0da000-7fefab250000 r-xp 00000000 08:02 5778221                    /usr/lib/libgio-2.0.so.0.4400.0
7fefab250000-7fefab450000 ---p 00176000 08:02 5778221                    /usr/lib/libgio-2.0.so.0.4400.0
7fefab450000-7fefab454000 r--p 00176000 08:02 5778221                    /usr/lib/libgio-2.0.so.0.4400.0
7fefab454000-7fefab456000 rw-p 0017a000 08:02 5778221                    /usr/lib/libgio-2.0.so.0.4400.0
7fefab456000-7fefab458000 rw-p 00000000 00:00 0 
7fefab458000-7fefab46f000 r-xp 00000000 08:02 6696786                    /usr/lib/jvm/java-7-openjdk/jre/lib/amd64/libnet.so
7fefab46f000-7fefab66e000 ---p 00017000 08:02 6696786                    /usr/lib/jvm/java-7-openjdk/jre/lib/amd64/libnet.so
7fefab66e000-7fefab66f000 rw-p 00016000 08:02 6696786                    /usr/lib/jvm/java-7-openjdk/jre/lib/amd64/libnet.so
7fefab66f000-7fefab670000 ---p 00000000 00:00 0 
7fefab670000-7fefab770000 rw-p 00000000 00:00 0                          [stack:3684]
7fefab770000-7fefab773000 ---p 00000000 00:00 0 
7fefab773000-7fefab871000 rw-p 00000000 00:00 0                          [stack:3683]
7fefab871000-7fefab874000 ---p 00000000 00:00 0 
7fefab874000-7fefab972000 rw-p 00000000 00:00 0                          [stack:3682]
7fefab972000-7fefab975000 ---p 00000000 00:00 0 
7fefab975000-7fefaba73000 rw-p 00000000 00:00 0                          [stack:3681]
7fefaba73000-7fefaba76000 ---p 00000000 00:00 0 
7fefaba76000-7fefabb74000 rw-p 00000000 00:00 0                          [stack:3680]
7fefabb74000-7fefabcfd000 r--p 00000000 08:02 5787487                    /usr/lib/locale/locale-archive
7fefabcfd000-7fefabd00000 ---p 00000000 00:00 0 
7fefabd00000-7fefabdfe000 rw-p 00000000 00:00 0                          [stack:3679]
7fefabdfe000-7fefabe01000 ---p 00000000 00:00 0 
7fefabe01000-7fefabeff000 rw-p 00000000 00:00 0                          [stack:3678]
7fefabeff000-7fefabf00000 ---p 00000000 00:00 0 
7fefabf00000-7fefac000000 rw-p 00000000 00:00 0                          [stack:3677]
7fefac000000-7fefac021000 rw-p 00000000 00:00 0 
7fefac021000-7fefb0000000 ---p 00000000 00:00 0 
7fefb0000000-7fefb0002000 r--s 00008000 08:11 35783732                   /home/mthwate/.gradle/wrapper/dists/gradle-2.3-bin/a48v6zq5mdp1uyn9rwlj56945/gradle-2.3/lib/gradle-native-2.3.jar
7fefb0002000-7fefb0004000 r--s 00005000 08:11 35783729                   /home/mthwate/.gradle/wrapper/dists/gradle-2.3-bin/a48v6zq5mdp1uyn9rwlj56945/gradle-2.3/lib/gradle-cli-2.3.jar
7fefb0004000-7fefb0006000 r--s 0000a000 08:11 35783738                   /home/mthwate/.gradle/wrapper/dists/gradle-2.3-bin/a48v6zq5mdp1uyn9rwlj56945/gradle-2.3/lib/gradle-model-groovy-2.3.jar
7fefb0006000-7fefb0007000 r--s 00004000 08:11 35783749                   /home/mthwate/.gradle/wrapper/dists/gradle-2.3-bin/a48v6zq5mdp1uyn9rwlj56945/gradle-2.3/lib/gradle-base-services-groovy-2.3.jar
7fefb0007000-7fefb0008000 r--s 00000000 08:11 35783752                   /home/mthwate/.gradle/wrapper/dists/gradle-2.3-bin/a48v6zq5mdp1uyn9rwlj56945/gradle-2.3/lib/gradle-docs-2.3.jar
7fefb0008000-7fefb000a000 r--s 00003000 08:11 35783754                   /home/mthwate/.gradle/wrapper/dists/gradle-2.3-bin/a48v6zq5mdp1uyn9rwlj56945/gradle-2.3/lib/jcl-over-slf4j-1.7.7.jar
7fefb000a000-7fefb000b000 r--s 00005000 08:11 35783753                   /home/mthwate/.gradle/wrapper/dists/gradle-2.3-bin/a48v6zq5mdp1uyn9rwlj56945/gradle-2.3/lib/log4j-over-slf4j-1.7.7.jar
7fefb000b000-7fefb000c000 r--s 00000000 08:11 35783748                   /home/mthwate/.gradle/wrapper/dists/gradle-2.3-bin/a48v6zq5mdp1uyn9rwlj56945/gradle-2.3/lib/javax.inject-1.jar
7fefb000c000-7fefb000f000 r--s 0001b000 08:11 35783747                   /home/mthwate/.gradle/wrapper/dists/gradle-2.3-bin/a48v6zq5mdp1uyn9rwlj56945/gradle-2.3/lib/jarjar-1.3.jar
7fefb000f000-7fefb0011000 r--s 00000000 08:11 35783746                   /home/mthwate/.gradle/wrapper/dists/gradle-2.3-bin/a48v6zq5mdp1uyn9rwlj56945/gradle-2.3/lib/jul-to-slf4j-1.7.7.jar
7fefb0011000-7fefb0017000 r--s 0003b000 08:11 35783744                   /home/mthwate/.gradle/wrapper/dists/gradle-2.3-bin/a48v6zq5mdp1uyn9rwlj56945/gradle-2.3/lib/logback-classic-1.0.13.jar
7fefb0017000-7fefb0021000 r--s 0005d000 08:11 35783743                   /home/mthwate/.gradle/wrapper/dists/gradle-2.3-bin/a48v6zq5mdp1uyn9rwlj56945/gradle-2.3/lib/logback-core-1.0.13.jar
7fefb0021000-7fefb0049000 r--s 001cf000 08:11 35783734                   /home/mthwate/.gradle/wrapper/dists/gradle-2.3-bin/a48v6zq5mdp1uyn9rwlj56945/gradle-2.3/lib/guava-jdk5-17.0.jar
7fefb0049000-7fefb0068000 r--s 001cc000 08:11 35783740                   /home/mthwate/.gradle/wrapper/dists/gradle-2.3-bin/a48v6zq5mdp1uyn9rwlj56945/gradle-2.3/lib/ant-1.9.3.jar
7fefb0068000-7fefb0099000 rw-p 00000000 00:00 0 
7fefb0099000-7fefb00cb000 r--s 0019a000 08:11 35783728                   /home/mthwate/.gradle/wrapper/dists/gradle-2.3-bin/a48v6zq5mdp1uyn9rwlj56945/gradle-2.3/lib/gradle-core-2.3.jar
7fefb00cb000-7fefb10c8000 rw-p 00000000 00:00 0 
7fefb10c8000-7fefb1279000 r--s 01d27000 08:02 6567083                    /usr/lib/jvm/java-7-openjdk/jre/lib/rt.jar
7fefb1279000-7fefb388b000 rw-p 00000000 00:00 0 
7fefb388b000-7fefb388c000 ---p 00000000 00:00 0 
7fefb388c000-7fefb398c000 rw-p 00000000 00:00 0                          [stack:3676]
7fefb398c000-7fefb398d000 ---p 00000000 00:00 0 
7fefb398d000-7fefb3a8d000 rw-p 00000000 00:00 0                          [stack:3675]
7fefb3a8d000-7fefb3a8e000 ---p 00000000 00:00 0 
7fefb3a8e000-7fefb3b8e000 rw-p 00000000 00:00 0                          [stack:3674]
7fefb3b8e000-7fefb3b8f000 ---p 00000000 00:00 0 
7fefb3b8f000-7fefb3ca3000 rw-p 00000000 00:00 0                          [stack:3673]
7fefb3ca3000-7fefb3dce000 rw-p 00000000 00:00 0 
7fefb3dce000-7fefb3ddf000 rw-p 00000000 00:00 0 
7fefb3ddf000-7fefb3e21000 rw-p 00000000 00:00 0 
7fefb3e21000-7fefb3e35000 rw-p 00000000 00:00 0 
7fefb3e35000-7fefb3f5f000 rw-p 00000000 00:00 0 
7fefb3f5f000-7fefb3fa8000 rw-p 00000000 00:00 0 
7fefb3fa8000-7fefb3fff000 rw-p 00000000 00:00 0 
7fefb3fff000-7fefb4000000 rw-p 00000000 00:00 0 
7fefb4000000-7fefb559f000 rw-p 00000000 00:00 0 
7fefb559f000-7fefb8000000 ---p 00000000 00:00 0 
7fefb8000000-7fefb8003000 r--s 00018000 08:11 35783742                   /home/mthwate/.gradle/wrapper/dists/gradle-2.3-bin/a48v6zq5mdp1uyn9rwlj56945/gradle-2.3/lib/commons-io-1.4.jar
7fefb8003000-7fefb8011000 r--s 0007f000 08:11 35783741                   /home/mthwate/.gradle/wrapper/dists/gradle-2.3-bin/a48v6zq5mdp1uyn9rwlj56945/gradle-2.3/lib/commons-collections-3.2.1.jar
7fefb8011000-7fefb8016000 r--s 00036000 08:11 35783739                   /home/mthwate/.gradle/wrapper/dists/gradle-2.3-bin/a48v6zq5mdp1uyn9rwlj56945/gradle-2.3/lib/asm-all-5.0.3.jar
7fefb8016000-7fefb801b000 r--s 00041000 08:11 35783735                   /home/mthwate/.gradle/wrapper/dists/gradle-2.3-bin/a48v6zq5mdp1uyn9rwlj56945/gradle-2.3/lib/commons-lang-2.6.jar
7fefb801b000-7fefb8054000 rw-p 00000000 00:00 0 
7fefb8054000-7fefb8096000 rw-p 00000000 00:00 0 
7fefb8096000-7fefb8376000 rwxp 00000000 00:00 0 
7fefb8376000-7fefbb096000 rw-p 00000000 00:00 0 
7fefbb096000-7fefbb09e000 r-xp 00000000 08:02 6696785                    /usr/lib/jvm/java-7-openjdk/jre/lib/amd64/libzip.so
7fefbb09e000-7fefbb29d000 ---p 00008000 08:02 6696785                    /usr/lib/jvm/java-7-openjdk/jre/lib/amd64/libzip.so
7fefbb29d000-7fefbb29e000 rw-p 00007000 08:02 6696785                    /usr/lib/jvm/java-7-openjdk/jre/lib/amd64/libzip.so
7fefbb29e000-7fefbb2a9000 r-xp 00000000 08:02 5770334                    /usr/lib/libnss_files-2.21.so
7fefbb2a9000-7fefbb4a9000 ---p 0000b000 08:02 5770334                    /usr/lib/libnss_files-2.21.so
7fefbb4a9000-7fefbb4aa000 r--p 0000b000 08:02 5770334                    /usr/lib/libnss_files-2.21.so
7fefbb4aa000-7fefbb4ab000 rw-p 0000c000 08:02 5770334                    /usr/lib/libnss_files-2.21.so
7fefbb4ab000-7fefbb4d7000 r-xp 00000000 08:02 6696784                    /usr/lib/jvm/java-7-openjdk/jre/lib/amd64/libjava.so
7fefbb4d7000-7fefbb6d6000 ---p 0002c000 08:02 6696784                    /usr/lib/jvm/java-7-openjdk/jre/lib/amd64/libjava.so
7fefbb6d6000-7fefbb6d8000 rw-p 0002b000 08:02 6696784                    /usr/lib/jvm/java-7-openjdk/jre/lib/amd64/libjava.so
7fefbb6d8000-7fefbb6e5000 r-xp 00000000 08:02 6696783                    /usr/lib/jvm/java-7-openjdk/jre/lib/amd64/libverify.so
7fefbb6e5000-7fefbb8e4000 ---p 0000d000 08:02 6696783                    /usr/lib/jvm/java-7-openjdk/jre/lib/amd64/libverify.so
7fefbb8e4000-7fefbb8e6000 rw-p 0000c000 08:02 6696783                    /usr/lib/jvm/java-7-openjdk/jre/lib/amd64/libverify.so
7fefbb8e6000-7fefbb8ed000 r-xp 00000000 08:02 5770371                    /usr/lib/librt-2.21.so
7fefbb8ed000-7fefbbaec000 ---p 00007000 08:02 5770371                    /usr/lib/librt-2.21.so
7fefbbaec000-7fefbbaed000 r--p 00006000 08:02 5770371                    /usr/lib/librt-2.21.so
7fefbbaed000-7fefbbaee000 rw-p 00007000 08:02 5770371                    /usr/lib/librt-2.21.so
7fefbbaee000-7fefbbb04000 r-xp 00000000 08:02 5770696                    /usr/lib/libgcc_s.so.1
7fefbbb04000-7fefbbd03000 ---p 00016000 08:02 5770696                    /usr/lib/libgcc_s.so.1
7fefbbd03000-7fefbbd04000 rw-p 00015000 08:02 5770696                    /usr/lib/libgcc_s.so.1
7fefbbd04000-7fefbbe07000 r-xp 00000000 08:02 5770406                    /usr/lib/libm-2.21.so
7fefbbe07000-7fefbc007000 ---p 00103000 08:02 5770406                    /usr/lib/libm-2.21.so
7fefbc007000-7fefbc008000 r--p 00103000 08:02 5770406                    /usr/lib/libm-2.21.so
7fefbc008000-7fefbc009000 rw-p 00104000 08:02 5770406                    /usr/lib/libm-2.21.so
7fefbc009000-7fefbc0f9000 r-xp 00000000 08:02 5770700                    /usr/lib/libstdc++.so.6.0.20
7fefbc0f9000-7fefbc2f9000 ---p 000f0000 08:02 5770700                    /usr/lib/libstdc++.so.6.0.20
7fefbc2f9000-7fefbc301000 r--p 000f0000 08:02 5770700                    /usr/lib/libstdc++.so.6.0.20
7fefbc301000-7fefbc303000 rw-p 000f8000 08:02 5770700                    /usr/lib/libstdc++.so.6.0.20
7fefbc303000-7fefbc318000 rw-p 00000000 00:00 0 
7fefbc318000-7fefbce6d000 r-xp 00000000 08:02 6696815                    /usr/lib/jvm/java-7-openjdk/jre/lib/amd64/server/libjvm.so
7fefbce6d000-7fefbd06d000 ---p 00b55000 08:02 6696815                    /usr/lib/jvm/java-7-openjdk/jre/lib/amd64/server/libjvm.so
7fefbd06d000-7fefbd12f000 rw-p 00b55000 08:02 6696815                    /usr/lib/jvm/java-7-openjdk/jre/lib/amd64/server/libjvm.so
7fefbd12f000-7fefbd15b000 rw-p 00000000 00:00 0 
7fefbd15b000-7fefbd170000 r-xp 00000000 08:02 5773433                    /usr/lib/libz.so.1.2.8
7fefbd170000-7fefbd36f000 ---p 00015000 08:02 5773433                    /usr/lib/libz.so.1.2.8
7fefbd36f000-7fefbd370000 r--p 00014000 08:02 5773433                    /usr/lib/libz.so.1.2.8
7fefbd370000-7fefbd371000 rw-p 00015000 08:02 5773433                    /usr/lib/libz.so.1.2.8
7fefbd371000-7fefbd50a000 r-xp 00000000 08:02 5770346                    /usr/lib/libc-2.21.so
7fefbd50a000-7fefbd70a000 ---p 00199000 08:02 5770346                    /usr/lib/libc-2.21.so
7fefbd70a000-7fefbd70e000 r--p 00199000 08:02 5770346                    /usr/lib/libc-2.21.so
7fefbd70e000-7fefbd710000 rw-p 0019d000 08:02 5770346                    /usr/lib/libc-2.21.so
7fefbd710000-7fefbd714000 rw-p 00000000 00:00 0 
7fefbd714000-7fefbd716000 r-xp 00000000 08:02 5770381                    /usr/lib/libdl-2.21.so
7fefbd716000-7fefbd916000 ---p 00002000 08:02 5770381                    /usr/lib/libdl-2.21.so
7fefbd916000-7fefbd917000 r--p 00002000 08:02 5770381                    /usr/lib/libdl-2.21.so
7fefbd917000-7fefbd918000 rw-p 00003000 08:02 5770381                    /usr/lib/libdl-2.21.so
7fefbd918000-7fefbd925000 r-xp 00000000 08:02 6818000                    /usr/lib/jvm/java-7-openjdk/jre/lib/amd64/jli/libjli.so
7fefbd925000-7fefbdb24000 ---p 0000d000 08:02 6818000                    /usr/lib/jvm/java-7-openjdk/jre/lib/amd64/jli/libjli.so
7fefbdb24000-7fefbdb25000 rw-p 0000c000 08:02 6818000                    /usr/lib/jvm/java-7-openjdk/jre/lib/amd64/jli/libjli.so
7fefbdb25000-7fefbdb3d000 r-xp 00000000 08:02 5770370                    /usr/lib/libpthread-2.21.so
7fefbdb3d000-7fefbdd3c000 ---p 00018000 08:02 5770370                    /usr/lib/libpthread-2.21.so
7fefbdd3c000-7fefbdd3d000 r--p 00017000 08:02 5770370                    /usr/lib/libpthread-2.21.so
7fefbdd3d000-7fefbdd3e000 rw-p 00018000 08:02 5770370                    /usr/lib/libpthread-2.21.so
7fefbdd3e000-7fefbdd42000 rw-p 00000000 00:00 0 
7fefbdd42000-7fefbdd64000 r-xp 00000000 08:02 5770401                    /usr/lib/ld-2.21.so
7fefbdd64000-7fefbdd65000 r--s 00000000 08:11 35783745                   /home/mthwate/.gradle/wrapper/dists/gradle-2.3-bin/a48v6zq5mdp1uyn9rwlj56945/gradle-2.3/lib/jcip-annotations-1.0.jar
7fefbdd65000-7fefbdd6b000 r--s 00028000 08:11 35783727                   /home/mthwate/.gradle/wrapper/dists/gradle-2.3-bin/a48v6zq5mdp1uyn9rwlj56945/gradle-2.3/lib/gradle-base-services-2.3.jar
7fefbdd6b000-7fefbdd77000 rw-p 00000000 00:00 0 
7fefbdd77000-7fefbde2b000 rw-p 00000000 00:00 0 
7fefbde2b000-7fefbde2e000 ---p 00000000 00:00 0 
7fefbde2e000-7fefbdf30000 rw-p 00000000 00:00 0                          [stack:3672]
7fefbdf30000-7fefbdf32000 r--s 00006000 08:11 35783733                   /home/mthwate/.gradle/wrapper/dists/gradle-2.3-bin/a48v6zq5mdp1uyn9rwlj56945/gradle-2.3/lib/slf4j-api-1.7.7.jar
7fefbdf32000-7fefbdf33000 r--s 00004000 08:11 35783761                   /home/mthwate/.gradle/wrapper/dists/gradle-2.3-bin/a48v6zq5mdp1uyn9rwlj56945/gradle-2.3/lib/ant-launcher-1.9.3.jar
7fefbdf33000-7fefbdf3b000 r--s 0003e000 08:11 35783702                   /home/mthwate/.gradle/wrapper/dists/gradle-2.3-bin/a48v6zq5mdp1uyn9rwlj56945/gradle-2.3/lib/gradle-launcher-2.3.jar
7fefbdf3b000-7fefbdf40000 r--s 0004d000 08:02 6567085                    /usr/lib/jvm/java-7-openjdk/jre/lib/jsse.jar
7fefbdf40000-7fefbdf42000 r--s 0000b000 08:11 31195178                   /home/mthwate/IdeaProjects/Dominion/gradle/wrapper/gradle-wrapper.jar
7fefbdf42000-7fefbdf58000 rw-p 00000000 00:00 0 
7fefbdf58000-7fefbdf60000 rw-s 00000000 00:1e 113204                     /tmp/hsperfdata_mthwate/3664
7fefbdf60000-7fefbdf61000 rw-p 00000000 00:00 0 
7fefbdf61000-7fefbdf62000 ---p 00000000 00:00 0 
7fefbdf62000-7fefbdf63000 rw-p 00000000 00:00 0 
7fefbdf63000-7fefbdf64000 r--p 00021000 08:02 5770401                    /usr/lib/ld-2.21.so
7fefbdf64000-7fefbdf65000 rw-p 00022000 08:02 5770401                    /usr/lib/ld-2.21.so
7fefbdf65000-7fefbdf66000 rw-p 00000000 00:00 0 
7ffddb38d000-7ffddb3ae000 rw-p 00000000 00:00 0                          [stack]
7ffddb3af000-7ffddb3b1000 r--p 00000000 00:00 0                          [vvar]
7ffddb3b1000-7ffddb3b3000 r-xp 00000000 00:00 0                          [vdso]
ffffffffff600000-ffffffffff601000 r-xp 00000000 00:00 0                  [vsyscall]

VM Arguments:
jvm_args: -Dorg.gradle.appname=gradlew 
java_command: org.gradle.wrapper.GradleWrapperMain clean fatJar
Launcher Type: SUN_STANDARD

Environment Variables:
PATH=/home/mthwate/bin/:/usr/local/sbin:/usr/local/bin:/usr/bin:/opt/android-sdk/tools:/opt/cuda/bin:/usr/lib/jvm/default/bin:/usr/bin/site_perl:/usr/bin/vendor_perl:/usr/bin/core_perl
USERNAME=mthwate
LD_LIBRARY_PATH=/usr/share/intellijidea-ue/bin:
SHELL=/bin/zsh
DISPLAY=:1

Signal Handlers:
SIGSEGV: [libjvm.so+0x989390], sa_mask[0]=0x7ffbfeff, sa_flags=0x10000004
SIGBUS: [libjvm.so+0x989390], sa_mask[0]=0x7ffbfeff, sa_flags=0x10000004
SIGFPE: [libjvm.so+0x7f74d0], sa_mask[0]=0x7ffbfeff, sa_flags=0x10000004
SIGPIPE: [libjvm.so+0x7f74d0], sa_mask[0]=0x7ffbfeff, sa_flags=0x10000004
SIGXFSZ: [libjvm.so+0x7f74d0], sa_mask[0]=0x7ffbfeff, sa_flags=0x10000004
SIGILL: [libjvm.so+0x7f74d0], sa_mask[0]=0x7ffbfeff, sa_flags=0x10000004
SIGUSR1: SIG_DFL, sa_mask[0]=0x00000000, sa_flags=0x00000000
SIGUSR2: [libjvm.so+0x7f7350], sa_mask[0]=0x00000000, sa_flags=0x10000004
SIGHUP: [libjvm.so+0x7f7550], sa_mask[0]=0x7ffbfeff, sa_flags=0x10000004
SIGINT: [libjvm.so+0x7f7550], sa_mask[0]=0x7ffbfeff, sa_flags=0x10000004
SIGTERM: [libjvm.so+0x7f7550], sa_mask[0]=0x7ffbfeff, sa_flags=0x10000004
SIGQUIT: [libjvm.so+0x7f7550], sa_mask[0]=0x7ffbfeff, sa_flags=0x10000004
SIGTRAP: SIG_DFL, sa_mask[0]=0x00000000, sa_flags=0x00000000


---------------  S Y S T E M  ---------------

OS:Linux
uname:Linux 3.19.3-3-ARCH #1 SMP PREEMPT Wed Apr 8 14:10:00 CEST 2015 x86_64
libc:glibc 2.21 NPTL 2.21 
rlimit: STACK 8192k, CORE 0k, NPROC 15256, NOFILE 4096, AS infinity
load average:1.44 1.22 0.81

/proc/meminfo:
MemTotal:        3911080 kB
MemFree:          129676 kB
MemAvailable:      88596 kB
Buffers:           15100 kB
Cached:            57496 kB
SwapCached:            0 kB
Active:          3429480 kB
Inactive:          50564 kB
Active(anon):    3409480 kB
Inactive(anon):    30264 kB
Active(file):      20000 kB
Inactive(file):    20300 kB
Unevictable:         280 kB
Mlocked:             280 kB
SwapTotal:             0 kB
SwapFree:              0 kB
Dirty:              1560 kB
Writeback:             0 kB
AnonPages:       3407964 kB
Mapped:           112912 kB
Shmem:             32140 kB
Slab:              84076 kB
SReclaimable:      46480 kB
SUnreclaim:        37596 kB
KernelStack:        9776 kB
PageTables:        41068 kB
NFS_Unstable:          0 kB
Bounce:                0 kB
WritebackTmp:          0 kB
CommitLimit:     1955540 kB
Committed_AS:    7132336 kB
VmallocTotal:   34359738367 kB
VmallocUsed:      151772 kB
VmallocChunk:   34359583868 kB
HardwareCorrupted:     0 kB
AnonHugePages:   1247232 kB
HugePages_Total:       0
HugePages_Free:        0
HugePages_Rsvd:        0
HugePages_Surp:        0
Hugepagesize:       2048 kB
DirectMap4k:      255788 kB
DirectMap2M:     3796992 kB


CPU:total 4 (2 cores per cpu, 2 threads per core) family 6 model 37 stepping 5, cmov, cx8, fxsr, mmx, sse, sse2, sse3, ssse3, sse4.1, sse4.2, popcnt, ht, tsc, tscinvbit

/proc/cpuinfo:
processor	: 0
vendor_id	: GenuineIntel
cpu family	: 6
model		: 37
model name	: Intel(R) Core(TM) i3 CPU         550  @ 3.20GHz
stepping	: 5
microcode	: 0x2
cpu MHz		: 3192.042
cache size	: 4096 KB
physical id	: 0
siblings	: 4
core id		: 0
cpu cores	: 2
apicid		: 0
initial apicid	: 0
fpu		: yes
fpu_exception	: yes
cpuid level	: 11
wp		: yes
flags		: fpu vme de pse tsc msr pae mce cx8 apic sep mtrr pge mca cmov pat pse36 clflush dts acpi mmx fxsr sse sse2 ss ht tm pbe syscall nx rdtscp lm constant_tsc arch_perfmon pebs bts rep_good nopl xtopology nonstop_tsc aperfmperf pni dtes64 monitor ds_cpl vmx est tm2 ssse3 cx16 xtpr pdcm pcid sse4_1 sse4_2 popcnt lahf_lm arat dtherm tpr_shadow vnmi flexpriority ept vpid
bugs		:
bogomips	: 6386.08
clflush size	: 64
cache_alignment	: 64
address sizes	: 36 bits physical, 48 bits virtual
power management:

processor	: 1
vendor_id	: GenuineIntel
cpu family	: 6
model		: 37
model name	: Intel(R) Core(TM) i3 CPU         550  @ 3.20GHz
stepping	: 5
microcode	: 0x2
cpu MHz		: 3192.042
cache size	: 4096 KB
physical id	: 0
siblings	: 4
core id		: 0
cpu cores	: 2
apicid		: 1
initial apicid	: 1
fpu		: yes
fpu_exception	: yes
cpuid level	: 11
wp		: yes
flags		: fpu vme de pse tsc msr pae mce cx8 apic sep mtrr pge mca cmov pat pse36 clflush dts acpi mmx fxsr sse sse2 ss ht tm pbe syscall nx rdtscp lm constant_tsc arch_perfmon pebs bts rep_good nopl xtopology nonstop_tsc aperfmperf pni dtes64 monitor ds_cpl vmx est tm2 ssse3 cx16 xtpr pdcm pcid sse4_1 sse4_2 popcnt lahf_lm arat dtherm tpr_shadow vnmi flexpriority ept vpid
bugs		:
bogomips	: 6386.08
clflush size	: 64
cache_alignment	: 64
address sizes	: 36 bits physical, 48 bits virtual
power management:

processor	: 2
vendor_id	: GenuineIntel
cpu family	: 6
model		: 37
model name	: Intel(R) Core(TM) i3 CPU         550  @ 3.20GHz
stepping	: 5
microcode	: 0x2
cpu MHz		: 3192.042
cache size	: 4096 KB
physical id	: 0
siblings	: 4
core id		: 2
cpu cores	: 2
apicid		: 4
initial apicid	: 4
fpu		: yes
fpu_exception	: yes
cpuid level	: 11
wp		: yes
flags		: fpu vme de pse tsc msr pae mce cx8 apic sep mtrr pge mca cmov pat pse36 clflush dts acpi mmx fxsr sse sse2 ss ht tm pbe syscall nx rdtscp lm constant_tsc arch_perfmon pebs bts rep_good nopl xtopology nonstop_tsc aperfmperf pni dtes64 monitor ds_cpl vmx est tm2 ssse3 cx16 xtpr pdcm pcid sse4_1 sse4_2 popcnt lahf_lm arat dtherm tpr_shadow vnmi flexpriority ept vpid
bugs		:
bogomips	: 6386.08
clflush size	: 64
cache_alignment	: 64
address sizes	: 36 bits physical, 48 bits virtual
power management:

processor	: 3
vendor_id	: GenuineIntel
cpu family	: 6
model		: 37
model name	: Intel(R) Core(TM) i3 CPU         550  @ 3.20GHz
stepping	: 5
microcode	: 0x2
cpu MHz		: 3192.042
cache size	: 4096 KB
physical id	: 0
siblings	: 4
core id		: 2
cpu cores	: 2
apicid		: 5
initial apicid	: 5
fpu		: yes
fpu_exception	: yes
cpuid level	: 11
wp		: yes
flags		: fpu vme de pse tsc msr pae mce cx8 apic sep mtrr pge mca cmov pat pse36 clflush dts acpi mmx fxsr sse sse2 ss ht tm pbe syscall nx rdtscp lm constant_tsc arch_perfmon pebs bts rep_good nopl xtopology nonstop_tsc aperfmperf pni dtes64 monitor ds_cpl vmx est tm2 ssse3 cx16 xtpr pdcm pcid sse4_1 sse4_2 popcnt lahf_lm arat dtherm tpr_shadow vnmi flexpriority ept vpid
bugs		:
bogomips	: 6386.08
clflush size	: 64
cache_alignment	: 64
address sizes	: 36 bits physical, 48 bits virtual
power management:



Memory: 4k page, physical 3911080k(129676k free), swap 0k(0k free)

vm_info: OpenJDK 64-Bit Server VM (24.79-b02) for linux-amd64 JRE (1.7.0_79-b14), built on Apr 15 2015 12:42:59 by "builduser" with gcc 4.9.2 20150304 (prerelease)

time: Thu Apr 23 16:31:58 2015
elapsed time: 7 seconds

