#
# There is insufficient memory for the Java Runtime Environment to continue.
# Native memory allocation (mmap) failed to map 143654912 bytes for committing reserved memory.
# Possible reasons:
#   The system is out of physical RAM or swap space
#   In 32 bit mode, the process size limit was hit
# Possible solutions:
#   Reduce memory load on the system
#   Increase physical memory or swap space
#   Check if swap backing store is full
#   Use 64 bit Java on a 64 bit OS
#   Decrease Java heap size (-Xmx/-Xms)
#   Decrease number of Java threads
#   Decrease Java thread stack sizes (-Xss)
#   Set larger code cache with -XX:ReservedCodeCacheSize=
# This output file may be truncated or incomplete.
#
#  Out of Memory Error (os_linux.cpp:2673), pid=4689, tid=140110702024448
#
# JRE version: OpenJDK Runtime Environment (8.0_40-b20) (build 1.8.0_40-b20)
# Java VM: OpenJDK 64-Bit Server VM (25.40-b23 mixed mode linux-amd64 compressed oops)
# Failed to write core dump. Core dumps have been disabled. To enable core dumping, try "ulimit -c unlimited" before starting Java again
#

---------------  T H R E A D  ---------------

Current thread (0x00007f6e20075800):  VMThread [stack: 0x00007f6e108f9000,0x00007f6e109fa000] [id=4699]

Stack: [0x00007f6e108f9000,0x00007f6e109fa000],  sp=0x00007f6e109f84d0,  free space=1021k
Native frames: (J=compiled Java code, j=interpreted, Vv=VM code, C=native code)
V  [libjvm.so+0xa8e69d]
V  [libjvm.so+0x4e856c]
V  [libjvm.so+0x8df110]
V  [libjvm.so+0x8d98de]
V  [libjvm.so+0x952cdb]
V  [libjvm.so+0x954043]
V  [libjvm.so+0x950cce]
V  [libjvm.so+0x950fbc]
V  [libjvm.so+0x903a63]
V  [libjvm.so+0xa90112]
V  [libjvm.so+0xa94c17]
V  [libjvm.so+0xa92f1c]
V  [libjvm.so+0xa93737]
V  [libjvm.so+0xa93c71]
V  [libjvm.so+0x8dc612]

VM_Operation (0x00007f6e28c07b50): ParallelGCFailedAllocation, mode: safepoint, requested by thread 0x00007f6e20008800


---------------  P R O C E S S  ---------------

Java Threads: ( => current thread )
  0x00007f6e200c0000 JavaThread "Service Thread" daemon [_thread_blocked, id=4717, stack(0x00007f6e10069000,0x00007f6e1016a000)]
  0x00007f6e200bb000 JavaThread "C1 CompilerThread2" daemon [_thread_blocked, id=4716, stack(0x00007f6e1016a000,0x00007f6e1026b000)]
  0x00007f6e200b9800 JavaThread "C2 CompilerThread1" daemon [_thread_blocked, id=4713, stack(0x00007f6e1026b000,0x00007f6e1036c000)]
  0x00007f6e200b6800 JavaThread "C2 CompilerThread0" daemon [_thread_blocked, id=4710, stack(0x00007f6e1036c000,0x00007f6e1046d000)]
  0x00007f6e200b5000 JavaThread "Signal Dispatcher" daemon [_thread_blocked, id=4707, stack(0x00007f6e1046d000,0x00007f6e1056e000)]
  0x00007f6e2007d000 JavaThread "Finalizer" daemon [_thread_blocked, id=4701, stack(0x00007f6e106f7000,0x00007f6e107f8000)]
  0x00007f6e2007b000 JavaThread "Reference Handler" daemon [_thread_blocked, id=4700, stack(0x00007f6e107f8000,0x00007f6e108f9000)]
  0x00007f6e20008800 JavaThread "main" [_thread_blocked, id=4692, stack(0x00007f6e28b09000,0x00007f6e28c0a000)]

Other Threads:
=>0x00007f6e20075800 VMThread [stack: 0x00007f6e108f9000,0x00007f6e109fa000] [id=4699]
  0x00007f6e200c2800 WatcherThread [stack: 0x00007f6e09eff000,0x00007f6e0a000000] [id=4718]

VM state:at safepoint (normal execution)

VM Mutex/Monitor currently owned by a thread:  ([mutex/lock_event])
[0x00007f6e20006400] Threads_lock - owner thread: 0x00007f6e20075800
[0x00007f6e20006900] Heap_lock - owner thread: 0x00007f6e20008800

Heap:
 PSYoungGen      total 134656K, used 13797K [0x00000000eab00000, 0x00000000f3e00000, 0x0000000100000000)
  eden space 120832K, 0% used [0x00000000eab00000,0x00000000eab00000,0x00000000f2100000)
  from space 13824K, 99% used [0x00000000f2100000,0x00000000f2e797f8,0x00000000f2e80000)
  to   space 11776K, 0% used [0x00000000f2e80000,0x00000000f2e80000,0x00000000f3a00000)
 ParOldGen       total 40960K, used 40163K [0x00000000c0000000, 0x00000000c2800000, 0x00000000eab00000)
  object space 40960K, 98% used [0x00000000c0000000,0x00000000c2738cc8,0x00000000c2800000)
 Metaspace       used 5989K, capacity 7152K, committed 7296K, reserved 1056768K
  class space    used 552K, capacity 616K, committed 640K, reserved 1048576K

Card table byte_map: [0x00007f6e25b68000,0x00007f6e25d69000] byte_map_base: 0x00007f6e25568000

Marking Bits: (ParMarkBitMap*) 0x00007f6e27e07580
 Begin Bits: [0x00007f6e0a000000, 0x00007f6e0b000000)
 End Bits:   [0x00007f6e0b000000, 0x00007f6e0c000000)

Polling page: 0x00007f6e28c3b000

CodeCache: size=245760Kb used=7740Kb max_used=7740Kb free=238019Kb
 bounds [0x00007f6e11000000, 0x00007f6e117a0000, 0x00007f6e20000000]
 total_blobs=2079 nmethods=1817 adapters=178
 compilation: enabled

Compilation events (10 events):
Event: 11.477 Thread 0x00007f6e200b9800 nmethod 1858 0x00007f6e117903d0 code [0x00007f6e117906a0, 0x00007f6e11791e50]
Event: 11.477 Thread 0x00007f6e200b9800 1874       4       com.android.dx.ssa.LocalVariableExtractor::processBlock (383 bytes)
Event: 11.501 Thread 0x00007f6e200bb000 1875       1       com.android.dx.cf.attrib.AttInnerClasses::getInnerClasses (5 bytes)
Event: 11.502 Thread 0x00007f6e200bb000 nmethod 1875 0x00007f6e11783550 code [0x00007f6e117836a0, 0x00007f6e117837b0]
Event: 11.909 Thread 0x00007f6e200bb000 1879 %     3       com.android.dx.dex.file.AnnotationUtils::makeSignature @ 65 (251 bytes)
Event: 11.913 Thread 0x00007f6e200bb000 nmethod 1879% 0x00007f6e11795350 code [0x00007f6e117957c0, 0x00007f6e11798368]
Event: 11.923 Thread 0x00007f6e200bb000 1880       2       com.android.dx.cf.code.LocalVariableList$Item::access$000 (5 bytes)
Event: 11.923 Thread 0x00007f6e200bb000 nmethod 1880 0x00007f6e11783ed0 code [0x00007f6e11784020, 0x00007f6e11784150]
Event: 11.923 Thread 0x00007f6e200bb000 1881       2       com.android.dx.cf.code.LocalVariableList$Item::withSignature (29 bytes)
Event: 11.923 Thread 0x00007f6e200bb000 nmethod 1881 0x00007f6e11774510 code [0x00007f6e11774680, 0x00007f6e11774868]

GC Heap History (10 events):
Event: 2.703 GC heap after
Heap after GC invocations=2 (full 0):
 PSYoungGen      total 33280K, used 2552K [0x00000000eab00000, 0x00000000ece00000, 0x0000000100000000)
  eden space 30720K, 0% used [0x00000000eab00000,0x00000000eab00000,0x00000000ec900000)
  from space 2560K, 99% used [0x00000000ecb80000,0x00000000ecdfe230,0x00000000ece00000)
  to   space 2560K, 0% used [0x00000000ec900000,0x00000000ec900000,0x00000000ecb80000)
 ParOldGen       total 40960K, used 4332K [0x00000000c0000000, 0x00000000c2800000, 0x00000000eab00000)
  object space 40960K, 10% used [0x00000000c0000000,0x00000000c043b300,0x00000000c2800000)
 Metaspace       used 5633K, capacity 6896K, committed 7040K, reserved 1056768K
  class space    used 534K, capacity 616K, committed 640K, reserved 1048576K
}
Event: 3.988 GC heap before
{Heap before GC invocations=3 (full 0):
 PSYoungGen      total 33280K, used 33272K [0x00000000eab00000, 0x00000000ece00000, 0x0000000100000000)
  eden space 30720K, 100% used [0x00000000eab00000,0x00000000ec900000,0x00000000ec900000)
  from space 2560K, 99% used [0x00000000ecb80000,0x00000000ecdfe230,0x00000000ece00000)
  to   space 2560K, 0% used [0x00000000ec900000,0x00000000ec900000,0x00000000ecb80000)
 ParOldGen       total 40960K, used 4332K [0x00000000c0000000, 0x00000000c2800000, 0x00000000eab00000)
  object space 40960K, 10% used [0x00000000c0000000,0x00000000c043b300,0x00000000c2800000)
 Metaspace       used 5753K, capacity 7024K, committed 7296K, reserved 1056768K
  class space    used 534K, capacity 616K, committed 640K, reserved 1048576K
Event: 4.032 GC heap after
Heap after GC invocations=3 (full 0):
 PSYoungGen      total 33280K, used 2548K [0x00000000eab00000, 0x00000000eec00000, 0x0000000100000000)
  eden space 30720K, 0% used [0x00000000eab00000,0x00000000eab00000,0x00000000ec900000)
  from space 2560K, 99% used [0x00000000ec900000,0x00000000ecb7d3c8,0x00000000ecb80000)
  to   space 2560K, 0% used [0x00000000ee980000,0x00000000ee980000,0x00000000eec00000)
 ParOldGen       total 40960K, used 8952K [0x00000000c0000000, 0x00000000c2800000, 0x00000000eab00000)
  object space 40960K, 21% used [0x00000000c0000000,0x00000000c08be218,0x00000000c2800000)
 Metaspace       used 5753K, capacity 7024K, committed 7296K, reserved 1056768K
  class space    used 534K, capacity 616K, committed 640K, reserved 1048576K
}
Event: 5.150 GC heap before
{Heap before GC invocations=4 (full 0):
 PSYoungGen      total 33280K, used 33268K [0x00000000eab00000, 0x00000000eec00000, 0x0000000100000000)
  eden space 30720K, 100% used [0x00000000eab00000,0x00000000ec900000,0x00000000ec900000)
  from space 2560K, 99% used [0x00000000ec900000,0x00000000ecb7d3c8,0x00000000ecb80000)
  to   space 2560K, 0% used [0x00000000ee980000,0x00000000ee980000,0x00000000eec00000)
 ParOldGen       total 40960K, used 8952K [0x00000000c0000000, 0x00000000c2800000, 0x00000000eab00000)
  object space 40960K, 21% used [0x00000000c0000000,0x00000000c08be218,0x00000000c2800000)
 Metaspace       used 5809K, capacity 7088K, committed 7296K, reserved 1056768K
  class space    used 534K, capacity 616K, committed 640K, reserved 1048576K
Event: 5.232 GC heap after
Heap after GC invocations=4 (full 0):
 PSYoungGen      total 64000K, used 2538K [0x00000000eab00000, 0x00000000eec00000, 0x0000000100000000)
  eden space 61440K, 0% used [0x00000000eab00000,0x00000000eab00000,0x00000000ee700000)
  from space 2560K, 99% used [0x00000000ee980000,0x00000000eebfaa90,0x00000000eec00000)
  to   space 2560K, 0% used [0x00000000ee700000,0x00000000ee700000,0x00000000ee980000)
 ParOldGen       total 40960K, used 13908K [0x00000000c0000000, 0x00000000c2800000, 0x00000000eab00000)
  object space 40960K, 33% used [0x00000000c0000000,0x00000000c0d95110,0x00000000c2800000)
 Metaspace       used 5809K, capacity 7088K, committed 7296K, reserved 1056768K
  class space    used 534K, capacity 616K, committed 640K, reserved 1048576K
}
Event: 7.251 GC heap before
{Heap before GC invocations=5 (full 0):
 PSYoungGen      total 64000K, used 63978K [0x00000000eab00000, 0x00000000eec00000, 0x0000000100000000)
  eden space 61440K, 100% used [0x00000000eab00000,0x00000000ee700000,0x00000000ee700000)
  from space 2560K, 99% used [0x00000000ee980000,0x00000000eebfaa90,0x00000000eec00000)
  to   space 2560K, 0% used [0x00000000ee700000,0x00000000ee700000,0x00000000ee980000)
 ParOldGen       total 40960K, used 13908K [0x00000000c0000000, 0x00000000c2800000, 0x00000000eab00000)
  object space 40960K, 33% used [0x00000000c0000000,0x00000000c0d95110,0x00000000c2800000)
 Metaspace       used 5842K, capacity 7088K, committed 7296K, reserved 1056768K
  class space    used 534K, capacity 616K, committed 640K, reserved 1048576K
Event: 7.371 GC heap after
Heap after GC invocations=5 (full 0):
 PSYoungGen      total 64000K, used 2529K [0x00000000eab00000, 0x00000000f3a00000, 0x0000000100000000)
  eden space 61440K, 0% used [0x00000000eab00000,0x00000000eab00000,0x00000000ee700000)
  from space 2560K, 98% used [0x00000000ee700000,0x00000000ee978470,0x00000000ee980000)
  to   space 11776K, 0% used [0x00000000f2e80000,0x00000000f2e80000,0x00000000f3a00000)
 ParOldGen       total 40960K, used 22976K [0x00000000c0000000, 0x00000000c2800000, 0x00000000eab00000)
  object space 40960K, 56% used [0x00000000c0000000,0x00000000c16701b8,0x00000000c2800000)
 Metaspace       used 5842K, capacity 7088K, committed 7296K, reserved 1056768K
  class space    used 534K, capacity 616K, committed 640K, reserved 1048576K
}
Event: 9.041 GC heap before
{Heap before GC invocations=6 (full 0):
 PSYoungGen      total 64000K, used 63969K [0x00000000eab00000, 0x00000000f3a00000, 0x0000000100000000)
  eden space 61440K, 100% used [0x00000000eab00000,0x00000000ee700000,0x00000000ee700000)
  from space 2560K, 98% used [0x00000000ee700000,0x00000000ee978470,0x00000000ee980000)
  to   space 11776K, 0% used [0x00000000f2e80000,0x00000000f2e80000,0x00000000f3a00000)
 ParOldGen       total 40960K, used 22976K [0x00000000c0000000, 0x00000000c2800000, 0x00000000eab00000)
  object space 40960K, 56% used [0x00000000c0000000,0x00000000c16701b8,0x00000000c2800000)
 Metaspace       used 5856K, capacity 7088K, committed 7296K, reserved 1056768K
  class space    used 534K, capacity 616K, committed 640K, reserved 1048576K
Event: 9.116 GC heap after
Heap after GC invocations=6 (full 0):
 PSYoungGen      total 132608K, used 11765K [0x00000000eab00000, 0x00000000f3e00000, 0x0000000100000000)
  eden space 120832K, 0% used [0x00000000eab00000,0x00000000eab00000,0x00000000f2100000)
  from space 11776K, 99% used [0x00000000f2e80000,0x00000000f39fd500,0x00000000f3a00000)
  to   space 13824K, 0% used [0x00000000f2100000,0x00000000f2100000,0x00000000f2e80000)
 ParOldGen       total 40960K, used 23186K [0x00000000c0000000, 0x00000000c2800000, 0x00000000eab00000)
  object space 40960K, 56% used [0x00000000c0000000,0x00000000c16a4910,0x00000000c2800000)
 Metaspace       used 5856K, capacity 7088K, committed 7296K, reserved 1056768K
  class space    used 534K, capacity 616K, committed 640K, reserved 1048576K
}
Event: 12.237 GC heap before
{Heap before GC invocations=7 (full 0):
 PSYoungGen      total 132608K, used 132597K [0x00000000eab00000, 0x00000000f3e00000, 0x0000000100000000)
  eden space 120832K, 100% used [0x00000000eab00000,0x00000000f2100000,0x00000000f2100000)
  from space 11776K, 99% used [0x00000000f2e80000,0x00000000f39fd500,0x00000000f3a00000)
  to   space 13824K, 0% used [0x00000000f2100000,0x00000000f2100000,0x00000000f2e80000)
 ParOldGen       total 40960K, used 23186K [0x00000000c0000000, 0x00000000c2800000, 0x00000000eab00000)
  object space 40960K, 56% used [0x00000000c0000000,0x00000000c16a4910,0x00000000c2800000)
 Metaspace       used 5989K, capacity 7152K, committed 7296K, reserved 1056768K
  class space    used 552K, capacity 616K, committed 640K, reserved 1048576K

Deoptimization events (10 events):
Event: 7.940 Thread 0x00007f6e20008800 Uncommon trap: reason=unstable_if action=reinterpret pc=0x00007f6e116ad55c method=com.android.dx.rop.code.RegisterSpec.equals(ILcom/android/dx/rop/type/TypeBearer;Lcom/android/dx/rop/code/LocalItem;)Z @ 42
Event: 9.364 Thread 0x00007f6e20008800 Uncommon trap: reason=unstable_if action=reinterpret pc=0x00007f6e11672744 method=com.android.dx.ssa.SCCP.simulateBranch(Lcom/android/dx/ssa/SsaInsn;)V @ 64
Event: 11.273 Thread 0x00007f6e20008800 Uncommon trap: reason=unstable_if action=reinterpret pc=0x00007f6e113608a0 method=java.util.HashMap.putVal(ILjava/lang/Object;Ljava/lang/Object;ZZ)Ljava/lang/Object; @ 162
Event: 11.310 Thread 0x00007f6e20008800 Uncommon trap: reason=unstable_if action=reinterpret pc=0x00007f6e116f4e14 method=java.util.HashMap.getNode(ILjava/lang/Object;)Ljava/util/HashMap$Node; @ 84
Event: 12.221 Thread 0x00007f6e20008800 Uncommon trap: reason=class_check action=maybe_recompile pc=0x00007f6e1172c858 method=com.android.dx.cf.code.BaseMachine.addResult(Lcom/android/dx/rop/type/TypeBearer;)V @ 23
Event: 12.221 Thread 0x00007f6e20008800 Uncommon trap: reason=class_check action=maybe_recompile pc=0x00007f6e116fdbc4 method=com.android.dx.cf.code.RopperMachine.run(Lcom/android/dx/cf/code/Frame;II)V @ 310
Event: 12.221 Thread 0x00007f6e20008800 Uncommon trap: reason=class_check action=maybe_recompile pc=0x00007f6e1172c858 method=com.android.dx.cf.code.BaseMachine.addResult(Lcom/android/dx/rop/type/TypeBearer;)V @ 23
Event: 12.221 Thread 0x00007f6e20008800 Uncommon trap: reason=class_check action=maybe_recompile pc=0x00007f6e116fdbc4 method=com.android.dx.cf.code.RopperMachine.run(Lcom/android/dx/cf/code/Frame;II)V @ 310
Event: 12.221 Thread 0x00007f6e20008800 Uncommon trap: reason=class_check action=maybe_recompile pc=0x00007f6e1172c858 method=com.android.dx.cf.code.BaseMachine.addResult(Lcom/android/dx/rop/type/TypeBearer;)V @ 23
Event: 12.221 Thread 0x00007f6e20008800 Uncommon trap: reason=class_check action=maybe_recompile pc=0x00007f6e116fdbc4 method=com.android.dx.cf.code.RopperMachine.run(Lcom/android/dx/cf/code/Frame;II)V @ 310

Internal exceptions (8 events):
Event: 0.177 Thread 0x00007f6e20008800 Exception <a 'java/lang/NoSuchMethodError': Method sun.misc.Unsafe.defineClass(Ljava/lang/String;[BII)Ljava/lang/Class; name or signature does not match> (0x00000000eab129b0) thrown at [/build/java8-openjdk/src/jdk8u-jdk8u40-b20/hotspot/src/share/vm/prims
Event: 0.177 Thread 0x00007f6e20008800 Exception <a 'java/lang/NoSuchMethodError': Method sun.misc.Unsafe.prefetchRead(Ljava/lang/Object;J)V name or signature does not match> (0x00000000eab12c40) thrown at [/build/java8-openjdk/src/jdk8u-jdk8u40-b20/hotspot/src/share/vm/prims/jni.cpp, line 399
Event: 2.082 Thread 0x00007f6e20008800 Implicit null exception at 0x00007f6e113653e2 to 0x00007f6e113654d3
Event: 4.122 Thread 0x00007f6e20008800 Implicit null exception at 0x00007f6e113787b1 to 0x00007f6e1137acdd
Event: 4.122 Thread 0x00007f6e20008800 Implicit null exception at 0x00007f6e1130b14d to 0x00007f6e1130d1fd
Event: 11.299 Thread 0x00007f6e20008800 Exception <a 'java/lang/ArrayIndexOutOfBoundsException': 18> (0x00000000f0044f40) thrown at [/build/java8-openjdk/src/jdk8u-jdk8u40-b20/hotspot/src/share/vm/interpreter/interpreterRuntime.cpp, line 366]
Event: 11.304 Thread 0x00007f6e20008800 Exception <a 'java/lang/ArrayIndexOutOfBoundsException'> (0x00000000f0046a10) thrown at [/build/java8-openjdk/src/jdk8u-jdk8u40-b20/hotspot/src/share/vm/runtime/sharedRuntime.cpp, line 605]
Event: 11.306 Thread 0x00007f6e20008800 Exception <a 'java/lang/ArrayIndexOutOfBoundsException'> (0x00000000f0047c48) thrown at [/build/java8-openjdk/src/jdk8u-jdk8u40-b20/hotspot/src/share/vm/runtime/sharedRuntime.cpp, line 605]

Events (10 events):
Event: 12.221 Thread 0x00007f6e20008800 Uncommon trap: trap_request=0xffffffde fr.pc=0x00007f6e116fdbc4
Event: 12.221 Thread 0x00007f6e20008800 DEOPT PACKING pc=0x00007f6e116fdbc4 sp=0x00007f6e28c07430
Event: 12.221 Thread 0x00007f6e20008800 DEOPT UNPACKING pc=0x00007f6e11004f69 sp=0x00007f6e28c073f0 mode 2
Event: 12.221 Thread 0x00007f6e20008800 Uncommon trap: trap_request=0xffffffde fr.pc=0x00007f6e1172c858
Event: 12.221 Thread 0x00007f6e20008800 DEOPT PACKING pc=0x00007f6e1172c858 sp=0x00007f6e28c07390
Event: 12.221 Thread 0x00007f6e20008800 DEOPT UNPACKING pc=0x00007f6e11004f69 sp=0x00007f6e28c07328 mode 2
Event: 12.221 Thread 0x00007f6e20008800 Uncommon trap: trap_request=0xffffffde fr.pc=0x00007f6e116fdbc4
Event: 12.221 Thread 0x00007f6e20008800 DEOPT PACKING pc=0x00007f6e116fdbc4 sp=0x00007f6e28c07430
Event: 12.221 Thread 0x00007f6e20008800 DEOPT UNPACKING pc=0x00007f6e11004f69 sp=0x00007f6e28c073f0 mode 2
Event: 12.237 Executing VM operation: ParallelGCFailedAllocation


Dynamic libraries:
00400000-00401000 r-xp 00000000 08:02 6954237                            /usr/lib/jvm/java-8-openjdk/jre/bin/java
00600000-00601000 rw-p 00000000 08:02 6954237                            /usr/lib/jvm/java-8-openjdk/jre/bin/java
0122d000-0124e000 rw-p 00000000 00:00 0                                  [heap]
c0000000-c2800000 rw-p 00000000 00:00 0 
c2800000-eab00000 ---p 00000000 00:00 0 
eab00000-f3e00000 rw-p 00000000 00:00 0 
fc700000-100000000 ---p 00000000 00:00 0 
100000000-1000a0000 rw-p 00000000 00:00 0 
1000a0000-140000000 ---p 00000000 00:00 0 
7f6dd4000000-7f6dd4021000 rw-p 00000000 00:00 0 
7f6dd4021000-7f6dd8000000 ---p 00000000 00:00 0 
7f6dd8000000-7f6dd8021000 rw-p 00000000 00:00 0 
7f6dd8021000-7f6ddc000000 ---p 00000000 00:00 0 
7f6ddc000000-7f6ddcc27000 rw-p 00000000 00:00 0 
7f6ddcc27000-7f6de0000000 ---p 00000000 00:00 0 
7f6de0000000-7f6de0834000 rw-p 00000000 00:00 0 
7f6de0834000-7f6de4000000 ---p 00000000 00:00 0 
7f6de4000000-7f6de4021000 rw-p 00000000 00:00 0 
7f6de4021000-7f6de8000000 ---p 00000000 00:00 0 
7f6de8000000-7f6de8d69000 rw-p 00000000 00:00 0 
7f6de8d69000-7f6dec000000 ---p 00000000 00:00 0 
7f6dec000000-7f6dec021000 rw-p 00000000 00:00 0 
7f6dec021000-7f6df0000000 ---p 00000000 00:00 0 
7f6df0000000-7f6df0021000 rw-p 00000000 00:00 0 
7f6df0021000-7f6df4000000 ---p 00000000 00:00 0 
7f6df4000000-7f6df4021000 rw-p 00000000 00:00 0 
7f6df4021000-7f6df8000000 ---p 00000000 00:00 0 
7f6df8000000-7f6df8021000 rw-p 00000000 00:00 0 
7f6df8021000-7f6dfc000000 ---p 00000000 00:00 0 
7f6dfc000000-7f6dfc021000 rw-p 00000000 00:00 0 
7f6dfc021000-7f6e00000000 ---p 00000000 00:00 0 
7f6e04000000-7f6e04021000 rw-p 00000000 00:00 0 
7f6e04021000-7f6e08000000 ---p 00000000 00:00 0 
7f6e09eff000-7f6e09f00000 ---p 00000000 00:00 0 
7f6e09f00000-7f6e0c000000 rw-p 00000000 00:00 0                          [stack:4718]
7f6e0c000000-7f6e0c021000 rw-p 00000000 00:00 0 
7f6e0c021000-7f6e10000000 ---p 00000000 00:00 0 
7f6e10069000-7f6e1006c000 ---p 00000000 00:00 0 
7f6e1006c000-7f6e1016a000 rw-p 00000000 00:00 0                          [stack:4717]
7f6e1016a000-7f6e1016d000 ---p 00000000 00:00 0 
7f6e1016d000-7f6e1026b000 rw-p 00000000 00:00 0                          [stack:4716]
7f6e1026b000-7f6e1026e000 ---p 00000000 00:00 0 
7f6e1026e000-7f6e1036c000 rw-p 00000000 00:00 0                          [stack:4713]
7f6e1036c000-7f6e1036f000 ---p 00000000 00:00 0 
7f6e1036f000-7f6e1046d000 rw-p 00000000 00:00 0                          [stack:4710]
7f6e1046d000-7f6e10470000 ---p 00000000 00:00 0 
7f6e10470000-7f6e1056e000 rw-p 00000000 00:00 0                          [stack:4707]
7f6e1056e000-7f6e106f7000 r--p 00000000 08:02 5787487                    /usr/lib/locale/locale-archive
7f6e106f7000-7f6e106fa000 ---p 00000000 00:00 0 
7f6e106fa000-7f6e107f8000 rw-p 00000000 00:00 0                          [stack:4701]
7f6e107f8000-7f6e107fb000 ---p 00000000 00:00 0 
7f6e107fb000-7f6e108f9000 rw-p 00000000 00:00 0                          [stack:4700]
7f6e108f9000-7f6e108fa000 ---p 00000000 00:00 0 
7f6e108fa000-7f6e11000000 rw-p 00000000 00:00 0                          [stack:4699]
7f6e11000000-7f6e117a0000 rwxp 00000000 00:00 0 
7f6e117a0000-7f6e20000000 ---p 00000000 00:00 0 
7f6e20000000-7f6e201c3000 rw-p 00000000 00:00 0 
7f6e201c3000-7f6e24000000 ---p 00000000 00:00 0 
7f6e24000000-7f6e24011000 r--s 0011f000 08:11 27394690                   /home/mthwate/.gradle/caches/modules-2/files-2.1/com.jme3/jme3-core/3.0.10/d18ed8094d14358627695219e98fd837fd48e6a4/jme3-core-3.0.10.jar
7f6e24011000-7f6e249ca000 rw-p 00000000 00:00 0 
7f6e249ca000-7f6e24b98000 r--s 03bd2000 08:02 6954147                    /usr/lib/jvm/java-8-openjdk/jre/lib/rt.jar
7f6e24b98000-7f6e2528e000 rw-p 00000000 00:00 0 
7f6e2528e000-7f6e2540e000 ---p 00000000 00:00 0 
7f6e2540e000-7f6e2560e000 rw-p 00000000 00:00 0 
7f6e2560e000-7f6e2560f000 ---p 00000000 00:00 0 
7f6e2560f000-7f6e2570f000 rw-p 00000000 00:00 0                          [stack:4698]
7f6e2570f000-7f6e25710000 ---p 00000000 00:00 0 
7f6e25710000-7f6e25810000 rw-p 00000000 00:00 0                          [stack:4697]
7f6e25810000-7f6e25811000 ---p 00000000 00:00 0 
7f6e25811000-7f6e25911000 rw-p 00000000 00:00 0                          [stack:4695]
7f6e25911000-7f6e25912000 ---p 00000000 00:00 0 
7f6e25912000-7f6e25a26000 rw-p 00000000 00:00 0                          [stack:4693]
7f6e25a26000-7f6e25b68000 ---p 00000000 00:00 0 
7f6e25b68000-7f6e25b7c000 rw-p 00000000 00:00 0 
7f6e25b7c000-7f6e25cbd000 ---p 00000000 00:00 0 
7f6e25cbd000-7f6e25d07000 rw-p 00000000 00:00 0 
7f6e25d07000-7f6e25d68000 ---p 00000000 00:00 0 
7f6e25d68000-7f6e25d88000 rw-p 00000000 00:00 0 
7f6e25d88000-7f6e26129000 ---p 00000000 00:00 0 
7f6e26129000-7f6e26131000 r-xp 00000000 08:02 6954205                    /usr/lib/jvm/java-8-openjdk/jre/lib/amd64/libzip.so
7f6e26131000-7f6e26330000 ---p 00008000 08:02 6954205                    /usr/lib/jvm/java-8-openjdk/jre/lib/amd64/libzip.so
7f6e26330000-7f6e26331000 rw-p 00007000 08:02 6954205                    /usr/lib/jvm/java-8-openjdk/jre/lib/amd64/libzip.so
7f6e26331000-7f6e2633c000 r-xp 00000000 08:02 5770332                    /usr/lib/libnss_files-2.21.so
7f6e2633c000-7f6e2653c000 ---p 0000b000 08:02 5770332                    /usr/lib/libnss_files-2.21.so
7f6e2653c000-7f6e2653d000 r--p 0000b000 08:02 5770332                    /usr/lib/libnss_files-2.21.so
7f6e2653d000-7f6e2653e000 rw-p 0000c000 08:02 5770332                    /usr/lib/libnss_files-2.21.so
7f6e2653e000-7f6e2656b000 r-xp 00000000 08:02 6954204                    /usr/lib/jvm/java-8-openjdk/jre/lib/amd64/libjava.so
7f6e2656b000-7f6e2676b000 ---p 0002d000 08:02 6954204                    /usr/lib/jvm/java-8-openjdk/jre/lib/amd64/libjava.so
7f6e2676b000-7f6e2676d000 rw-p 0002d000 08:02 6954204                    /usr/lib/jvm/java-8-openjdk/jre/lib/amd64/libjava.so
7f6e2676d000-7f6e2677a000 r-xp 00000000 08:02 6954196                    /usr/lib/jvm/java-8-openjdk/jre/lib/amd64/libverify.so
7f6e2677a000-7f6e26979000 ---p 0000d000 08:02 6954196                    /usr/lib/jvm/java-8-openjdk/jre/lib/amd64/libverify.so
7f6e26979000-7f6e2697b000 rw-p 0000c000 08:02 6954196                    /usr/lib/jvm/java-8-openjdk/jre/lib/amd64/libverify.so
7f6e2697b000-7f6e26982000 r-xp 00000000 08:02 5770364                    /usr/lib/librt-2.21.so
7f6e26982000-7f6e26b81000 ---p 00007000 08:02 5770364                    /usr/lib/librt-2.21.so
7f6e26b81000-7f6e26b82000 r--p 00006000 08:02 5770364                    /usr/lib/librt-2.21.so
7f6e26b82000-7f6e26b83000 rw-p 00007000 08:02 5770364                    /usr/lib/librt-2.21.so
7f6e26b83000-7f6e26c86000 r-xp 00000000 08:02 5770391                    /usr/lib/libm-2.21.so
7f6e26c86000-7f6e26e86000 ---p 00103000 08:02 5770391                    /usr/lib/libm-2.21.so
7f6e26e86000-7f6e26e87000 r--p 00103000 08:02 5770391                    /usr/lib/libm-2.21.so
7f6e26e87000-7f6e26e88000 rw-p 00104000 08:02 5770391                    /usr/lib/libm-2.21.so
7f6e26e88000-7f6e27b27000 r-xp 00000000 08:02 6954228                    /usr/lib/jvm/java-8-openjdk/jre/lib/amd64/server/libjvm.so
7f6e27b27000-7f6e27d27000 ---p 00c9f000 08:02 6954228                    /usr/lib/jvm/java-8-openjdk/jre/lib/amd64/server/libjvm.so
7f6e27d27000-7f6e27df3000 rw-p 00c9f000 08:02 6954228                    /usr/lib/jvm/java-8-openjdk/jre/lib/amd64/server/libjvm.so
7f6e27df3000-7f6e27e34000 rw-p 00000000 00:00 0 
7f6e27e34000-7f6e27fcd000 r-xp 00000000 08:02 5770343                    /usr/lib/libc-2.21.so
7f6e27fcd000-7f6e281cd000 ---p 00199000 08:02 5770343                    /usr/lib/libc-2.21.so
7f6e281cd000-7f6e281d1000 r--p 00199000 08:02 5770343                    /usr/lib/libc-2.21.so
7f6e281d1000-7f6e281d3000 rw-p 0019d000 08:02 5770343                    /usr/lib/libc-2.21.so
7f6e281d3000-7f6e281d7000 rw-p 00000000 00:00 0 
7f6e281d7000-7f6e281d9000 r-xp 00000000 08:02 5770373                    /usr/lib/libdl-2.21.so
7f6e281d9000-7f6e283d9000 ---p 00002000 08:02 5770373                    /usr/lib/libdl-2.21.so
7f6e283d9000-7f6e283da000 r--p 00002000 08:02 5770373                    /usr/lib/libdl-2.21.so
7f6e283da000-7f6e283db000 rw-p 00003000 08:02 5770373                    /usr/lib/libdl-2.21.so
7f6e283db000-7f6e283e8000 r-xp 00000000 08:02 6954225                    /usr/lib/jvm/java-8-openjdk/jre/lib/amd64/jli/libjli.so
7f6e283e8000-7f6e285e8000 ---p 0000d000 08:02 6954225                    /usr/lib/jvm/java-8-openjdk/jre/lib/amd64/jli/libjli.so
7f6e285e8000-7f6e285e9000 rw-p 0000d000 08:02 6954225                    /usr/lib/jvm/java-8-openjdk/jre/lib/amd64/jli/libjli.so
7f6e285e9000-7f6e285fe000 r-xp 00000000 08:02 5773433                    /usr/lib/libz.so.1.2.8
7f6e285fe000-7f6e287fd000 ---p 00015000 08:02 5773433                    /usr/lib/libz.so.1.2.8
7f6e287fd000-7f6e287fe000 r--p 00014000 08:02 5773433                    /usr/lib/libz.so.1.2.8
7f6e287fe000-7f6e287ff000 rw-p 00015000 08:02 5773433                    /usr/lib/libz.so.1.2.8
7f6e287ff000-7f6e28817000 r-xp 00000000 08:02 5770363                    /usr/lib/libpthread-2.21.so
7f6e28817000-7f6e28a16000 ---p 00018000 08:02 5770363                    /usr/lib/libpthread-2.21.so
7f6e28a16000-7f6e28a17000 r--p 00017000 08:02 5770363                    /usr/lib/libpthread-2.21.so
7f6e28a17000-7f6e28a18000 rw-p 00018000 08:02 5770363                    /usr/lib/libpthread-2.21.so
7f6e28a18000-7f6e28a1c000 rw-p 00000000 00:00 0 
7f6e28a1c000-7f6e28a3e000 r-xp 00000000 08:02 5770387                    /usr/lib/ld-2.21.so
7f6e28a44000-7f6e28b09000 rw-p 00000000 00:00 0 
7f6e28b09000-7f6e28b0c000 ---p 00000000 00:00 0 
7f6e28b0c000-7f6e28c0f000 rw-p 00000000 00:00 0                          [stack:4692]
7f6e28c0f000-7f6e28c1e000 r--s 000dd000 08:02 6959403                    /opt/android-sdk/build-tools/22.0.1/lib/dx.jar
7f6e28c1e000-7f6e28c32000 rw-p 00000000 00:00 0 
7f6e28c32000-7f6e28c3a000 rw-s 00000000 00:1f 144376                     /tmp/hsperfdata_mthwate/4689
7f6e28c3a000-7f6e28c3b000 rw-p 00000000 00:00 0 
7f6e28c3b000-7f6e28c3c000 ---p 00000000 00:00 0 
7f6e28c3c000-7f6e28c3d000 rw-p 00000000 00:00 0 
7f6e28c3d000-7f6e28c3e000 r--p 00021000 08:02 5770387                    /usr/lib/ld-2.21.so
7f6e28c3e000-7f6e28c3f000 rw-p 00022000 08:02 5770387                    /usr/lib/ld-2.21.so
7f6e28c3f000-7f6e28c40000 rw-p 00000000 00:00 0 
7ffcd3903000-7ffcd3924000 rw-p 00000000 00:00 0                          [stack]
7ffcd3992000-7ffcd3994000 r--p 00000000 00:00 0                          [vvar]
7ffcd3994000-7ffcd3996000 r-xp 00000000 00:00 0                          [vdso]
ffffffffff600000-ffffffffff601000 r-xp 00000000 00:00 0                  [vsyscall]

VM Arguments:
jvm_args: -Xmx1024M -Dfile.encoding=UTF-8 -Duser.country=US -Duser.language=en -Duser.variant 
java_command: com.android.dx.command.Main --dex --output /home/mthwate/IdeaProjects/Dominion/android/client/build/intermediates/pre-dexed/debug/jme3-core-3.0.10-19015afd3a05d32a03da5cec2d5461d3b02f3184.jar /home/mthwate/.gradle/caches/modules-2/files-2.1/com.jme3/jme3-core/3.0.10/d18ed8094d14358627695219e98fd837fd48e6a4/jme3-core-3.0.10.jar
java_class_path (initial): /opt/android-sdk/build-tools/22.0.1/lib/dx.jar
Launcher Type: SUN_STANDARD

Environment Variables:
PATH=/usr/local/sbin:/usr/local/bin:/usr/bin:/opt/android-sdk/tools:/opt/cuda/bin:/usr/lib/jvm/default/bin:/usr/bin/site_perl:/usr/bin/vendor_perl:/usr/bin/core_perl
USERNAME=mthwate
LD_LIBRARY_PATH=/usr/share/intellijidea-ue/bin:
SHELL=/bin/zsh
DISPLAY=:0

Signal Handlers:
SIGSEGV: [libjvm.so+0xa8f160], sa_mask[0]=11111111011111111101111111111110, sa_flags=SA_RESTART|SA_SIGINFO
SIGBUS: [libjvm.so+0xa8f160], sa_mask[0]=11111111011111111101111111111110, sa_flags=SA_RESTART|SA_SIGINFO
SIGFPE: [libjvm.so+0x8daa30], sa_mask[0]=11111111011111111101111111111110, sa_flags=SA_RESTART|SA_SIGINFO
SIGPIPE: [libjvm.so+0x8daa30], sa_mask[0]=11111111011111111101111111111110, sa_flags=SA_RESTART|SA_SIGINFO
SIGXFSZ: [libjvm.so+0x8daa30], sa_mask[0]=11111111011111111101111111111110, sa_flags=SA_RESTART|SA_SIGINFO
SIGILL: [libjvm.so+0x8daa30], sa_mask[0]=11111111011111111101111111111110, sa_flags=SA_RESTART|SA_SIGINFO
SIGUSR1: SIG_DFL, sa_mask[0]=00000000000000000000000000000000, sa_flags=none
SIGUSR2: [libjvm.so+0x8da8e0], sa_mask[0]=00100000000000000000000000000000, sa_flags=SA_RESTART|SA_SIGINFO
SIGHUP: [libjvm.so+0x8dab00], sa_mask[0]=11111111011111111101111111111110, sa_flags=SA_RESTART|SA_SIGINFO
SIGINT: [libjvm.so+0x8dab00], sa_mask[0]=11111111011111111101111111111110, sa_flags=SA_RESTART|SA_SIGINFO
SIGTERM: [libjvm.so+0x8dab00], sa_mask[0]=11111111011111111101111111111110, sa_flags=SA_RESTART|SA_SIGINFO
SIGQUIT: [libjvm.so+0x8dab00], sa_mask[0]=11111111011111111101111111111110, sa_flags=SA_RESTART|SA_SIGINFO


---------------  S Y S T E M  ---------------

OS:NAME="Arch Linux"
ID=arch
PRETTY_NAME="Arch Linux"
ANSI_COLOR="0;36"
HOME_URL="https://www.archlinux.org/"
SUPPORT_URL="https://bbs.archlinux.org/"
BUG_REPORT_URL="https://bugs.archlinux.org/"


uname:Linux 3.19.2-1-ARCH #1 SMP PREEMPT Wed Mar 18 16:21:02 CET 2015 x86_64
libc:glibc 2.21 NPTL 2.21 
rlimit: STACK 8192k, CORE 0k, NPROC 15256, NOFILE 4096, AS infinity
load average:3.28 1.09 0.79

/proc/meminfo:
MemTotal:        3911080 kB
MemFree:          114500 kB
MemAvailable:      73328 kB
Buffers:            2068 kB
Cached:            69828 kB
SwapCached:            0 kB
Active:          3526096 kB
Inactive:          44444 kB
Active(anon):    3500152 kB
Inactive(anon):    22396 kB
Active(file):      25944 kB
Inactive(file):    22048 kB
Unevictable:         400 kB
Mlocked:             400 kB
SwapTotal:             0 kB
SwapFree:              0 kB
Dirty:              6024 kB
Writeback:             0 kB
AnonPages:       3499308 kB
Mapped:            96608 kB
Shmem:             23668 kB
Slab:              68336 kB
SReclaimable:      38608 kB
SUnreclaim:        29728 kB
KernelStack:        9136 kB
PageTables:        28328 kB
NFS_Unstable:          0 kB
Bounce:                0 kB
WritebackTmp:          0 kB
CommitLimit:     1955540 kB
Committed_AS:    5853740 kB
VmallocTotal:   34359738367 kB
VmallocUsed:      151156 kB
VmallocChunk:   34359584380 kB
HardwareCorrupted:     0 kB
AnonHugePages:   1601536 kB
HugePages_Total:       0
HugePages_Free:        0
HugePages_Rsvd:        0
HugePages_Surp:        0
Hugepagesize:       2048 kB
DirectMap4k:      212780 kB
DirectMap2M:     3840000 kB


CPU:total 4 (2 cores per cpu, 2 threads per core) family 6 model 37 stepping 5, cmov, cx8, fxsr, mmx, sse, sse2, sse3, ssse3, sse4.1, sse4.2, popcnt, ht, tsc, tscinvbit

/proc/cpuinfo:
processor	: 0
vendor_id	: GenuineIntel
cpu family	: 6
model		: 37
model name	: Intel(R) Core(TM) i3 CPU         550  @ 3.20GHz
stepping	: 5
microcode	: 0x2
cpu MHz		: 3192.273
cache size	: 4096 KB
physical id	: 0
siblings	: 4
core id		: 0
cpu cores	: 2
apicid		: 0
initial apicid	: 0
fpu		: yes
fpu_exception	: yes
cpuid level	: 11
wp		: yes
flags		: fpu vme de pse tsc msr pae mce cx8 apic sep mtrr pge mca cmov pat pse36 clflush dts acpi mmx fxsr sse sse2 ss ht tm pbe syscall nx rdtscp lm constant_tsc arch_perfmon pebs bts rep_good nopl xtopology nonstop_tsc aperfmperf pni dtes64 monitor ds_cpl vmx est tm2 ssse3 cx16 xtpr pdcm pcid sse4_1 sse4_2 popcnt lahf_lm arat dtherm tpr_shadow vnmi flexpriority ept vpid
bugs		:
bogomips	: 6387.56
clflush size	: 64
cache_alignment	: 64
address sizes	: 36 bits physical, 48 bits virtual
power management:

processor	: 1
vendor_id	: GenuineIntel
cpu family	: 6
model		: 37
model name	: Intel(R) Core(TM) i3 CPU         550  @ 3.20GHz
stepping	: 5
microcode	: 0x2
cpu MHz		: 3192.273
cache size	: 4096 KB
physical id	: 0
siblings	: 4
core id		: 0
cpu cores	: 2
apicid		: 1
initial apicid	: 1
fpu		: yes
fpu_exception	: yes
cpuid level	: 11
wp		: yes
flags		: fpu vme de pse tsc msr pae mce cx8 apic sep mtrr pge mca cmov pat pse36 clflush dts acpi mmx fxsr sse sse2 ss ht tm pbe syscall nx rdtscp lm constant_tsc arch_perfmon pebs bts rep_good nopl xtopology nonstop_tsc aperfmperf pni dtes64 monitor ds_cpl vmx est tm2 ssse3 cx16 xtpr pdcm pcid sse4_1 sse4_2 popcnt lahf_lm arat dtherm tpr_shadow vnmi flexpriority ept vpid
bugs		:
bogomips	: 6387.56
clflush size	: 64
cache_alignment	: 64
address sizes	: 36 bits physical, 48 bits virtual
power management:

processor	: 2
vendor_id	: GenuineIntel
cpu family	: 6
model		: 37
model name	: Intel(R) Core(TM) i3 CPU         550  @ 3.20GHz
stepping	: 5
microcode	: 0x2
cpu MHz		: 3192.273
cache size	: 4096 KB
physical id	: 0
siblings	: 4
core id		: 2
cpu cores	: 2
apicid		: 4
initial apicid	: 4
fpu		: yes
fpu_exception	: yes
cpuid level	: 11
wp		: yes
flags		: fpu vme de pse tsc msr pae mce cx8 apic sep mtrr pge mca cmov pat pse36 clflush dts acpi mmx fxsr sse sse2 ss ht tm pbe syscall nx rdtscp lm constant_tsc arch_perfmon pebs bts rep_good nopl xtopology nonstop_tsc aperfmperf pni dtes64 monitor ds_cpl vmx est tm2 ssse3 cx16 xtpr pdcm pcid sse4_1 sse4_2 popcnt lahf_lm arat dtherm tpr_shadow vnmi flexpriority ept vpid
bugs		:
bogomips	: 6387.56
clflush size	: 64
cache_alignment	: 64
address sizes	: 36 bits physical, 48 bits virtual
power management:

processor	: 3
vendor_id	: GenuineIntel
cpu family	: 6
model		: 37
model name	: Intel(R) Core(TM) i3 CPU         550  @ 3.20GHz
stepping	: 5
microcode	: 0x2
cpu MHz		: 3192.273
cache size	: 4096 KB
physical id	: 0
siblings	: 4
core id		: 2
cpu cores	: 2
apicid		: 5
initial apicid	: 5
fpu		: yes
fpu_exception	: yes
cpuid level	: 11
wp		: yes
flags		: fpu vme de pse tsc msr pae mce cx8 apic sep mtrr pge mca cmov pat pse36 clflush dts acpi mmx fxsr sse sse2 ss ht tm pbe syscall nx rdtscp lm constant_tsc arch_perfmon pebs bts rep_good nopl xtopology nonstop_tsc aperfmperf pni dtes64 monitor ds_cpl vmx est tm2 ssse3 cx16 xtpr pdcm pcid sse4_1 sse4_2 popcnt lahf_lm arat dtherm tpr_shadow vnmi flexpriority ept vpid
bugs		:
bogomips	: 6387.56
clflush size	: 64
cache_alignment	: 64
address sizes	: 36 bits physical, 48 bits virtual
power management:



Memory: 4k page, physical 3911080k(114500k free), swap 0k(0k free)

vm_info: OpenJDK 64-Bit Server VM (25.40-b23) for linux-amd64 JRE (1.8.0_40-b20), built on Mar 15 2015 09:37:38 by "builduser" with gcc 4.9.2 20150304 (prerelease)

time: Sat Mar 28 21:24:05 2015
elapsed time: 12 seconds (0d 0h 0m 12s)

